{
"/Users/chenchaoqun/GitLab/aliqin/vue-component/src/components/Message/index.js":{"path":"/Users/chenchaoqun/GitLab/aliqin/vue-component/src/components/Message/index.js","s":{"1":1,"2":1,"3":2,"4":1,"5":1,"6":1,"7":1,"8":1,"9":5,"10":0,"11":0,"12":0,"13":0,"14":0,"15":0,"16":0,"17":0,"18":0,"19":0,"20":0,"21":0,"22":0,"23":0,"24":0,"25":1,"26":1},"b":{"1":[0,2],"2":[2,2],"3":[0,0],"4":[0,0],"5":[0,0],"6":[0,0]},"f":{"1":2,"2":5,"3":0,"4":0,"5":0},"fnMap":{"1":{"name":"_interopRequireDefault","line":7,"loc":{"start":{"line":7,"column":0},"end":{"line":7,"column":37}}},"2":{"name":"(anonymous_2)","line":17,"loc":{"start":{"line":17,"column":56},"end":{"line":17,"column":75}}},"3":{"name":"(anonymous_3)","line":18,"loc":{"start":{"line":18,"column":34},"end":{"line":18,"column":74}}},"4":{"name":"ready","line":41,"loc":{"start":{"line":41,"column":13},"end":{"line":41,"column":30}}},"5":{"name":"(anonymous_5)","line":49,"loc":{"start":{"line":49,"column":21},"end":{"line":49,"column":33}}}},"statementMap":{"1":{"start":{"line":3,"column":0},"end":{"line":5,"column":3}},"2":{"start":{"line":7,"column":0},"end":{"line":7,"column":97}},"3":{"start":{"line":7,"column":39},"end":{"line":7,"column":95}},"4":{"start":{"line":9,"column":0},"end":{"line":9,"column":43}},"5":{"start":{"line":11,"column":0},"end":{"line":11,"column":55}},"6":{"start":{"line":13,"column":0},"end":{"line":13,"column":26}},"7":{"start":{"line":15,"column":0},"end":{"line":15,"column":41}},"8":{"start":{"line":17,"column":0},"end":{"line":58,"column":3}},"9":{"start":{"line":18,"column":2},"end":{"line":57,"column":4}},"10":{"start":{"line":19,"column":4},"end":{"line":19,"column":32}},"11":{"start":{"line":20,"column":4},"end":{"line":20,"column":38}},"12":{"start":{"line":21,"column":4},"end":{"line":25,"column":5}},"13":{"start":{"line":22,"column":6},"end":{"line":22,"column":46}},"14":{"start":{"line":23,"column":6},"end":{"line":23,"column":36}},"15":{"start":{"line":24,"column":6},"end":{"line":24,"column":37}},"16":{"start":{"line":26,"column":4},"end":{"line":26,"column":44}},"17":{"start":{"line":27,"column":4},"end":{"line":27,"column":71}},"18":{"start":{"line":28,"column":4},"end":{"line":56,"column":7}},"19":{"start":{"line":42,"column":8},"end":{"line":42,"column":22}},"20":{"start":{"line":48,"column":8},"end":{"line":54,"column":9}},"21":{"start":{"line":49,"column":10},"end":{"line":53,"column":23}},"22":{"start":{"line":50,"column":12},"end":{"line":50,"column":79}},"23":{"start":{"line":51,"column":12},"end":{"line":51,"column":52}},"24":{"start":{"line":52,"column":12},"end":{"line":52,"column":83}},"25":{"start":{"line":60,"column":0},"end":{"line":60,"column":45}},"26":{"start":{"line":61,"column":0},"end":{"line":61,"column":36}}},"branchMap":{"1":{"line":7,"type":"cond-expr","locations":[{"start":{"line":7,"column":70},"end":{"line":7,"column":73}},{"start":{"line":7,"column":76},"end":{"line":7,"column":94}}]},"2":{"line":7,"type":"binary-expr","locations":[{"start":{"line":7,"column":46},"end":{"line":7,"column":49}},{"start":{"line":7,"column":53},"end":{"line":7,"column":67}}]},"3":{"line":19,"type":"binary-expr","locations":[{"start":{"line":19,"column":15},"end":{"line":19,"column":23}},{"start":{"line":19,"column":27},"end":{"line":19,"column":31}}]},"4":{"line":20,"type":"binary-expr","locations":[{"start":{"line":20,"column":16},"end":{"line":20,"column":25}},{"start":{"line":20,"column":29},"end":{"line":20,"column":37}}]},"5":{"line":21,"type":"if","locations":[{"start":{"line":21,"column":4},"end":{"line":21,"column":4}},{"start":{"line":21,"column":4},"end":{"line":21,"column":4}}]},"6":{"line":48,"type":"if","locations":[{"start":{"line":48,"column":8},"end":{"line":48,"column":8}},{"start":{"line":48,"column":8},"end":{"line":48,"column":8}}]}},"code":["'use strict';","","Object.defineProperty(exports, '__esModule', {","  value: true","});","","function _interopRequireDefault(obj) { return obj && obj.__esModule ? obj : { 'default': obj }; }","","var _MessageVue = require('./Message.vue');","","var _MessageVue2 = _interopRequireDefault(_MessageVue);","","var _vue = require('vue');","","var _vue2 = _interopRequireDefault(_vue);","","['info', 'success', 'error', 'warn', 'loading'].forEach(function (type, i) {","  _MessageVue2['default'][type] = function (content, duration, placement) {","    duration = duration || 3000;","    placement = placement || 'center';","    if (!document.getElementsByClassName('vue-message').length) {","      var box = document.createElement('div');","      box.className = 'vue-message';","      document.body.appendChild(box);","    }","    var div = document.createElement('div');","    document.getElementsByClassName('vue-message')[0].appendChild(div);","    new _vue2['default']({","      el: div,","      template: '<message class=\"vue-message-notice\" :show.sync=\"show\" :duration=\"duration\" :type=\"type\" width=\"400px\" :placement=\"placement\">{{content}}</message>',","      components: {","        Message: _MessageVue2['default']","      },","      data: {","        content: content,","        type: type,","        duration: duration,","        show: true,","        placement: placement","      },","      ready: function ready() {","        var me = this;","        // me.content = content","        // me.type = type","        // me.show = true","        // me.duration = duration || me.duration","        // me.placement = placement || me.placement","        if (me.duration) {","          setTimeout(function () {","            var notice = document.getElementsByClassName('vue-message-notice');","            var element = notice[notice.length - 1];","            document.getElementsByClassName('vue-message')[0].removeChild(element);","          }, duration);","        }","      }","    });","  };","});","","exports['default'] = _MessageVue2['default'];","module.exports = exports['default'];"],"l":{"3":1,"7":2,"9":1,"11":1,"13":1,"15":1,"17":1,"18":5,"19":0,"20":0,"21":0,"22":0,"23":0,"24":0,"26":0,"27":0,"28":0,"42":0,"48":0,"49":0,"50":0,"51":0,"52":0,"60":1,"61":1}},
"/Users/chenchaoqun/GitLab/aliqin/vue-component/src/components/utils/coerceBoolean.js":{"path":"/Users/chenchaoqun/GitLab/aliqin/vue-component/src/components/utils/coerceBoolean.js","s":{"1":1,"2":1,"3":3,"4":1},"b":{"1":[3,0],"2":[0,0],"3":[0,0],"4":[0,0],"5":[0,0]},"f":{"1":3},"fnMap":{"1":{"name":"(anonymous_1)","line":9,"loc":{"start":{"line":9,"column":21},"end":{"line":9,"column":36}}}},"statementMap":{"1":{"start":{"line":5,"column":0},"end":{"line":7,"column":3}},"2":{"start":{"line":9,"column":0},"end":{"line":11,"column":2}},"3":{"start":{"line":10,"column":2},"end":{"line":10,"column":150}},"4":{"start":{"line":13,"column":0},"end":{"line":13,"column":36}}},"branchMap":{"1":{"line":10,"type":"cond-expr","locations":[{"start":{"line":10,"column":35},"end":{"line":10,"column":38}},{"start":{"line":10,"column":41},"end":{"line":10,"column":149}}]},"2":{"line":10,"type":"cond-expr","locations":[{"start":{"line":10,"column":58},"end":{"line":10,"column":62}},{"start":{"line":10,"column":65},"end":{"line":10,"column":149}}]},"3":{"line":10,"type":"cond-expr","locations":[{"start":{"line":10,"column":83},"end":{"line":10,"column":88}},{"start":{"line":10,"column":91},"end":{"line":10,"column":149}}]},"4":{"line":10,"type":"cond-expr","locations":[{"start":{"line":10,"column":108},"end":{"line":10,"column":113}},{"start":{"line":10,"column":116},"end":{"line":10,"column":149}}]},"5":{"line":10,"type":"cond-expr","locations":[{"start":{"line":10,"column":138},"end":{"line":10,"column":143}},{"start":{"line":10,"column":146},"end":{"line":10,"column":149}}]}},"code":["// Attempt to convert a string value to a Boolean. Otherwise, return the value","// without modification so Vue can throw a warning.","\"use strict\";","","Object.defineProperty(exports, \"__esModule\", {","  value: true","});","","exports[\"default\"] = function (val) {","  return typeof val !== \"string\" ? val : val === \"true\" ? true : val === \"false\" ? false : val === \"null\" ? false : val === \"undefined\" ? false : val;","};","","module.exports = exports[\"default\"];"],"l":{"5":1,"9":1,"10":3,"13":1}},
"/Users/chenchaoqun/GitLab/aliqin/vue-component/src/components/Icon/index.js":{"path":"/Users/chenchaoqun/GitLab/aliqin/vue-component/src/components/Icon/index.js","s":{"1":1,"2":1,"3":1,"4":1,"5":1,"6":1,"7":1},"b":{"1":[0,1],"2":[1,1]},"f":{"1":1},"fnMap":{"1":{"name":"_interopRequireDefault","line":7,"loc":{"start":{"line":7,"column":0},"end":{"line":7,"column":37}}}},"statementMap":{"1":{"start":{"line":3,"column":0},"end":{"line":5,"column":3}},"2":{"start":{"line":7,"column":0},"end":{"line":7,"column":97}},"3":{"start":{"line":7,"column":39},"end":{"line":7,"column":95}},"4":{"start":{"line":9,"column":0},"end":{"line":9,"column":37}},"5":{"start":{"line":11,"column":0},"end":{"line":11,"column":49}},"6":{"start":{"line":13,"column":0},"end":{"line":13,"column":42}},"7":{"start":{"line":14,"column":0},"end":{"line":14,"column":36}}},"branchMap":{"1":{"line":7,"type":"cond-expr","locations":[{"start":{"line":7,"column":70},"end":{"line":7,"column":73}},{"start":{"line":7,"column":76},"end":{"line":7,"column":94}}]},"2":{"line":7,"type":"binary-expr","locations":[{"start":{"line":7,"column":46},"end":{"line":7,"column":49}},{"start":{"line":7,"column":53},"end":{"line":7,"column":67}}]}},"code":["'use strict';","","Object.defineProperty(exports, '__esModule', {","  value: true","});","","function _interopRequireDefault(obj) { return obj && obj.__esModule ? obj : { 'default': obj }; }","","var _IconVue = require('./Icon.vue');","","var _IconVue2 = _interopRequireDefault(_IconVue);","","exports['default'] = _IconVue2['default'];","module.exports = exports['default'];"],"l":{"3":1,"7":1,"9":1,"11":1,"13":1,"14":1}}}
