{
"/Users/chenchaoqun/GitLab/aliqin/vue-component/src/components/Button/index.js":{"path":"/Users/chenchaoqun/GitLab/aliqin/vue-component/src/components/Button/index.js","s":{"1":2,"2":1,"3":4,"4":2,"5":2,"6":2,"7":2,"8":2,"9":2,"10":2},"b":{"1":[0,4],"2":[4,4]},"f":{"1":4},"fnMap":{"1":{"name":"_interopRequireDefault","line":7,"loc":{"start":{"line":7,"column":0},"end":{"line":7,"column":37}}}},"statementMap":{"1":{"start":{"line":3,"column":0},"end":{"line":5,"column":3}},"2":{"start":{"line":7,"column":0},"end":{"line":7,"column":97}},"3":{"start":{"line":7,"column":39},"end":{"line":7,"column":95}},"4":{"start":{"line":9,"column":0},"end":{"line":9,"column":41}},"5":{"start":{"line":11,"column":0},"end":{"line":11,"column":53}},"6":{"start":{"line":13,"column":0},"end":{"line":13,"column":39}},"7":{"start":{"line":15,"column":0},"end":{"line":15,"column":51}},"8":{"start":{"line":17,"column":0},"end":{"line":17,"column":53}},"9":{"start":{"line":19,"column":0},"end":{"line":19,"column":44}},"10":{"start":{"line":20,"column":0},"end":{"line":20,"column":36}}},"branchMap":{"1":{"line":7,"type":"cond-expr","locations":[{"start":{"line":7,"column":70},"end":{"line":7,"column":73}},{"start":{"line":7,"column":76},"end":{"line":7,"column":94}}]},"2":{"line":7,"type":"binary-expr","locations":[{"start":{"line":7,"column":46},"end":{"line":7,"column":49}},{"start":{"line":7,"column":53},"end":{"line":7,"column":67}}]}},"code":["'use strict';","","Object.defineProperty(exports, '__esModule', {","  value: true","});","","function _interopRequireDefault(obj) { return obj && obj.__esModule ? obj : { 'default': obj }; }","","var _ButtonVue = require('./Button.vue');","","var _ButtonVue2 = _interopRequireDefault(_ButtonVue);","","var _GroupVue = require('./Group.vue');","","var _GroupVue2 = _interopRequireDefault(_GroupVue);","","_ButtonVue2['default'].Group = _GroupVue2['default'];","","exports['default'] = _ButtonVue2['default'];","module.exports = exports['default'];"],"l":{"3":2,"7":4,"9":2,"11":2,"13":2,"15":2,"17":2,"19":2,"20":2}},
"/Users/chenchaoqun/GitLab/aliqin/vue-component/src/components/Cascader/index.js":{"path":"/Users/chenchaoqun/GitLab/aliqin/vue-component/src/components/Cascader/index.js","s":{"1":2,"2":1,"3":2,"4":2,"5":2,"6":2,"7":2},"b":{"1":[0,2],"2":[2,2]},"f":{"1":2},"fnMap":{"1":{"name":"_interopRequireDefault","line":7,"loc":{"start":{"line":7,"column":0},"end":{"line":7,"column":37}}}},"statementMap":{"1":{"start":{"line":3,"column":0},"end":{"line":5,"column":3}},"2":{"start":{"line":7,"column":0},"end":{"line":7,"column":97}},"3":{"start":{"line":7,"column":39},"end":{"line":7,"column":95}},"4":{"start":{"line":9,"column":0},"end":{"line":9,"column":45}},"5":{"start":{"line":11,"column":0},"end":{"line":11,"column":57}},"6":{"start":{"line":13,"column":0},"end":{"line":13,"column":46}},"7":{"start":{"line":14,"column":0},"end":{"line":14,"column":36}}},"branchMap":{"1":{"line":7,"type":"cond-expr","locations":[{"start":{"line":7,"column":70},"end":{"line":7,"column":73}},{"start":{"line":7,"column":76},"end":{"line":7,"column":94}}]},"2":{"line":7,"type":"binary-expr","locations":[{"start":{"line":7,"column":46},"end":{"line":7,"column":49}},{"start":{"line":7,"column":53},"end":{"line":7,"column":67}}]}},"code":["'use strict';","","Object.defineProperty(exports, '__esModule', {","  value: true","});","","function _interopRequireDefault(obj) { return obj && obj.__esModule ? obj : { 'default': obj }; }","","var _CascaderVue = require('./Cascader.vue');","","var _CascaderVue2 = _interopRequireDefault(_CascaderVue);","","exports['default'] = _CascaderVue2['default'];","module.exports = exports['default'];"],"l":{"3":2,"7":2,"9":2,"11":2,"13":2,"14":2}},
"/Users/chenchaoqun/GitLab/aliqin/vue-component/src/components/utils/EventListener.js":{"path":"/Users/chenchaoqun/GitLab/aliqin/vue-component/src/components/utils/EventListener.js","s":{"1":10,"2":10,"3":2,"4":2,"5":2,"6":0,"7":0,"8":0,"9":0,"10":0,"11":10,"12":10},"b":{"1":[2,0],"2":[0,0]},"f":{"1":2,"2":0,"3":0},"fnMap":{"1":{"name":"listen","line":15,"loc":{"start":{"line":15,"column":10},"end":{"line":15,"column":55}}},"2":{"name":"remove","line":19,"loc":{"start":{"line":19,"column":16},"end":{"line":19,"column":34}}},"3":{"name":"remove","line":26,"loc":{"start":{"line":26,"column":16},"end":{"line":26,"column":34}}}},"statementMap":{"1":{"start":{"line":3,"column":0},"end":{"line":5,"column":3}},"2":{"start":{"line":6,"column":0},"end":{"line":32,"column":2}},"3":{"start":{"line":16,"column":4},"end":{"line":30,"column":5}},"4":{"start":{"line":17,"column":6},"end":{"line":17,"column":58}},"5":{"start":{"line":18,"column":6},"end":{"line":22,"column":8}},"6":{"start":{"line":20,"column":10},"end":{"line":20,"column":65}},"7":{"start":{"line":23,"column":11},"end":{"line":30,"column":5}},"8":{"start":{"line":24,"column":6},"end":{"line":24,"column":53}},"9":{"start":{"line":25,"column":6},"end":{"line":29,"column":8}},"10":{"start":{"line":27,"column":10},"end":{"line":27,"column":57}},"11":{"start":{"line":34,"column":0},"end":{"line":34,"column":35}},"12":{"start":{"line":35,"column":0},"end":{"line":35,"column":36}}},"branchMap":{"1":{"line":16,"type":"if","locations":[{"start":{"line":16,"column":4},"end":{"line":16,"column":4}},{"start":{"line":16,"column":4},"end":{"line":16,"column":4}}]},"2":{"line":23,"type":"if","locations":[{"start":{"line":23,"column":11},"end":{"line":23,"column":11}},{"start":{"line":23,"column":11},"end":{"line":23,"column":11}}]}},"code":["'use strict';","","Object.defineProperty(exports, '__esModule', {","  value: true","});","var EventListener = {","  /**","   * Listen to DOM events during the bubble phase.","   *","   * @param {DOMEventTarget} target DOM element to register listener on.","   * @param {string} eventType Event type, e.g. 'click' or 'mouseover'.","   * @param {function} callback Callback function.","   * @return {object} Object with a `remove` method.","   */","  listen: function listen(target, eventType, callback) {","    if (target.addEventListener) {","      target.addEventListener(eventType, callback, false);","      return {","        remove: function remove() {","          target.removeEventListener(eventType, callback, false);","        }","      };","    } else if (target.attachEvent) {","      target.attachEvent('on' + eventType, callback);","      return {","        remove: function remove() {","          target.detachEvent('on' + eventType, callback);","        }","      };","    }","  }","};","","exports['default'] = EventListener;","module.exports = exports['default'];"],"l":{"3":10,"6":10,"16":2,"17":2,"18":2,"20":0,"23":0,"24":0,"25":0,"27":0,"34":10,"35":10}},
"/Users/chenchaoqun/GitLab/aliqin/vue-component/src/components/Input/index.js":{"path":"/Users/chenchaoqun/GitLab/aliqin/vue-component/src/components/Input/index.js","s":{"1":2,"2":1,"3":2,"4":2,"5":2,"6":2,"7":2},"b":{"1":[0,2],"2":[2,2]},"f":{"1":2},"fnMap":{"1":{"name":"_interopRequireDefault","line":7,"loc":{"start":{"line":7,"column":0},"end":{"line":7,"column":37}}}},"statementMap":{"1":{"start":{"line":3,"column":0},"end":{"line":5,"column":3}},"2":{"start":{"line":7,"column":0},"end":{"line":7,"column":97}},"3":{"start":{"line":7,"column":39},"end":{"line":7,"column":95}},"4":{"start":{"line":9,"column":0},"end":{"line":9,"column":39}},"5":{"start":{"line":11,"column":0},"end":{"line":11,"column":51}},"6":{"start":{"line":13,"column":0},"end":{"line":13,"column":43}},"7":{"start":{"line":14,"column":0},"end":{"line":14,"column":36}}},"branchMap":{"1":{"line":7,"type":"cond-expr","locations":[{"start":{"line":7,"column":70},"end":{"line":7,"column":73}},{"start":{"line":7,"column":76},"end":{"line":7,"column":94}}]},"2":{"line":7,"type":"binary-expr","locations":[{"start":{"line":7,"column":46},"end":{"line":7,"column":49}},{"start":{"line":7,"column":53},"end":{"line":7,"column":67}}]}},"code":["'use strict';","","Object.defineProperty(exports, '__esModule', {","  value: true","});","","function _interopRequireDefault(obj) { return obj && obj.__esModule ? obj : { 'default': obj }; }","","var _InputVue = require('./Input.vue');","","var _InputVue2 = _interopRequireDefault(_InputVue);","","exports['default'] = _InputVue2['default'];","module.exports = exports['default'];"],"l":{"3":2,"7":2,"9":2,"11":2,"13":2,"14":2}},
"/Users/chenchaoqun/GitLab/aliqin/vue-component/src/components/DatePicker/index.js":{"path":"/Users/chenchaoqun/GitLab/aliqin/vue-component/src/components/DatePicker/index.js","s":{"1":2,"2":1,"3":4,"4":2,"5":2,"6":2,"7":2,"8":2,"9":2,"10":2},"b":{"1":[0,4],"2":[4,4]},"f":{"1":4},"fnMap":{"1":{"name":"_interopRequireDefault","line":7,"loc":{"start":{"line":7,"column":0},"end":{"line":7,"column":37}}}},"statementMap":{"1":{"start":{"line":3,"column":0},"end":{"line":5,"column":3}},"2":{"start":{"line":7,"column":0},"end":{"line":7,"column":97}},"3":{"start":{"line":7,"column":39},"end":{"line":7,"column":95}},"4":{"start":{"line":9,"column":0},"end":{"line":9,"column":49}},"5":{"start":{"line":11,"column":0},"end":{"line":11,"column":61}},"6":{"start":{"line":13,"column":0},"end":{"line":13,"column":51}},"7":{"start":{"line":15,"column":0},"end":{"line":15,"column":63}},"8":{"start":{"line":17,"column":0},"end":{"line":17,"column":69}},"9":{"start":{"line":19,"column":0},"end":{"line":19,"column":48}},"10":{"start":{"line":20,"column":0},"end":{"line":20,"column":36}}},"branchMap":{"1":{"line":7,"type":"cond-expr","locations":[{"start":{"line":7,"column":70},"end":{"line":7,"column":73}},{"start":{"line":7,"column":76},"end":{"line":7,"column":94}}]},"2":{"line":7,"type":"binary-expr","locations":[{"start":{"line":7,"column":46},"end":{"line":7,"column":49}},{"start":{"line":7,"column":53},"end":{"line":7,"column":67}}]}},"code":["'use strict';","","Object.defineProperty(exports, '__esModule', {","  value: true","});","","function _interopRequireDefault(obj) { return obj && obj.__esModule ? obj : { 'default': obj }; }","","var _DatePickerVue = require('./DatePicker.vue');","","var _DatePickerVue2 = _interopRequireDefault(_DatePickerVue);","","var _RangePickerVue = require('./RangePicker.vue');","","var _RangePickerVue2 = _interopRequireDefault(_RangePickerVue);","","_DatePickerVue2['default'].RangePicker = _RangePickerVue2['default'];","","exports['default'] = _DatePickerVue2['default'];","module.exports = exports['default'];"],"l":{"3":2,"7":4,"9":2,"11":2,"13":2,"15":2,"17":2,"19":2,"20":2}},
"/Users/chenchaoqun/GitLab/aliqin/vue-component/src/components/Calendar/index.js":{"path":"/Users/chenchaoqun/GitLab/aliqin/vue-component/src/components/Calendar/index.js","s":{"1":2,"2":1,"3":2,"4":2,"5":2,"6":2,"7":2},"b":{"1":[0,2],"2":[2,2]},"f":{"1":2},"fnMap":{"1":{"name":"_interopRequireDefault","line":7,"loc":{"start":{"line":7,"column":0},"end":{"line":7,"column":37}}}},"statementMap":{"1":{"start":{"line":3,"column":0},"end":{"line":5,"column":3}},"2":{"start":{"line":7,"column":0},"end":{"line":7,"column":97}},"3":{"start":{"line":7,"column":39},"end":{"line":7,"column":95}},"4":{"start":{"line":9,"column":0},"end":{"line":9,"column":45}},"5":{"start":{"line":11,"column":0},"end":{"line":11,"column":57}},"6":{"start":{"line":13,"column":0},"end":{"line":13,"column":46}},"7":{"start":{"line":14,"column":0},"end":{"line":14,"column":36}}},"branchMap":{"1":{"line":7,"type":"cond-expr","locations":[{"start":{"line":7,"column":70},"end":{"line":7,"column":73}},{"start":{"line":7,"column":76},"end":{"line":7,"column":94}}]},"2":{"line":7,"type":"binary-expr","locations":[{"start":{"line":7,"column":46},"end":{"line":7,"column":49}},{"start":{"line":7,"column":53},"end":{"line":7,"column":67}}]}},"code":["'use strict';","","Object.defineProperty(exports, '__esModule', {","  value: true","});","","function _interopRequireDefault(obj) { return obj && obj.__esModule ? obj : { 'default': obj }; }","","var _CalendarVue = require('./Calendar.vue');","","var _CalendarVue2 = _interopRequireDefault(_CalendarVue);","","exports['default'] = _CalendarVue2['default'];","module.exports = exports['default'];"],"l":{"3":2,"7":2,"9":2,"11":2,"13":2,"14":2}},
"/Users/chenchaoqun/GitLab/aliqin/vue-component/src/components/Icon/index.js":{"path":"/Users/chenchaoqun/GitLab/aliqin/vue-component/src/components/Icon/index.js","s":{"1":9,"2":1,"3":9,"4":9,"5":9,"6":9,"7":9},"b":{"1":[0,9],"2":[9,9]},"f":{"1":9},"fnMap":{"1":{"name":"_interopRequireDefault","line":7,"loc":{"start":{"line":7,"column":0},"end":{"line":7,"column":37}}}},"statementMap":{"1":{"start":{"line":3,"column":0},"end":{"line":5,"column":3}},"2":{"start":{"line":7,"column":0},"end":{"line":7,"column":97}},"3":{"start":{"line":7,"column":39},"end":{"line":7,"column":95}},"4":{"start":{"line":9,"column":0},"end":{"line":9,"column":37}},"5":{"start":{"line":11,"column":0},"end":{"line":11,"column":49}},"6":{"start":{"line":13,"column":0},"end":{"line":13,"column":42}},"7":{"start":{"line":14,"column":0},"end":{"line":14,"column":36}}},"branchMap":{"1":{"line":7,"type":"cond-expr","locations":[{"start":{"line":7,"column":70},"end":{"line":7,"column":73}},{"start":{"line":7,"column":76},"end":{"line":7,"column":94}}]},"2":{"line":7,"type":"binary-expr","locations":[{"start":{"line":7,"column":46},"end":{"line":7,"column":49}},{"start":{"line":7,"column":53},"end":{"line":7,"column":67}}]}},"code":["'use strict';","","Object.defineProperty(exports, '__esModule', {","  value: true","});","","function _interopRequireDefault(obj) { return obj && obj.__esModule ? obj : { 'default': obj }; }","","var _IconVue = require('./Icon.vue');","","var _IconVue2 = _interopRequireDefault(_IconVue);","","exports['default'] = _IconVue2['default'];","module.exports = exports['default'];"],"l":{"3":9,"7":9,"9":9,"11":9,"13":9,"14":9}},
"/Users/chenchaoqun/GitLab/aliqin/vue-component/src/components/Dropdown/index.js":{"path":"/Users/chenchaoqun/GitLab/aliqin/vue-component/src/components/Dropdown/index.js","s":{"1":3,"2":1,"3":3,"4":3,"5":3,"6":3,"7":3},"b":{"1":[0,3],"2":[3,3]},"f":{"1":3},"fnMap":{"1":{"name":"_interopRequireDefault","line":7,"loc":{"start":{"line":7,"column":0},"end":{"line":7,"column":37}}}},"statementMap":{"1":{"start":{"line":3,"column":0},"end":{"line":5,"column":3}},"2":{"start":{"line":7,"column":0},"end":{"line":7,"column":97}},"3":{"start":{"line":7,"column":39},"end":{"line":7,"column":95}},"4":{"start":{"line":9,"column":0},"end":{"line":9,"column":45}},"5":{"start":{"line":11,"column":0},"end":{"line":11,"column":57}},"6":{"start":{"line":13,"column":0},"end":{"line":13,"column":46}},"7":{"start":{"line":14,"column":0},"end":{"line":14,"column":36}}},"branchMap":{"1":{"line":7,"type":"cond-expr","locations":[{"start":{"line":7,"column":70},"end":{"line":7,"column":73}},{"start":{"line":7,"column":76},"end":{"line":7,"column":94}}]},"2":{"line":7,"type":"binary-expr","locations":[{"start":{"line":7,"column":46},"end":{"line":7,"column":49}},{"start":{"line":7,"column":53},"end":{"line":7,"column":67}}]}},"code":["'use strict';","","Object.defineProperty(exports, '__esModule', {","  value: true","});","","function _interopRequireDefault(obj) { return obj && obj.__esModule ? obj : { 'default': obj }; }","","var _DropdownVue = require('./Dropdown.vue');","","var _DropdownVue2 = _interopRequireDefault(_DropdownVue);","","exports['default'] = _DropdownVue2['default'];","module.exports = exports['default'];"],"l":{"3":3,"7":3,"9":3,"11":3,"13":3,"14":3}},
"/Users/chenchaoqun/GitLab/aliqin/vue-component/src/components/utils/coerceBoolean.js":{"path":"/Users/chenchaoqun/GitLab/aliqin/vue-component/src/components/utils/coerceBoolean.js","s":{"1":7,"2":7,"3":12,"4":7},"b":{"1":[12,0],"2":[0,0],"3":[0,0],"4":[0,0],"5":[0,0]},"f":{"1":12},"fnMap":{"1":{"name":"(anonymous_1)","line":9,"loc":{"start":{"line":9,"column":21},"end":{"line":9,"column":36}}}},"statementMap":{"1":{"start":{"line":5,"column":0},"end":{"line":7,"column":3}},"2":{"start":{"line":9,"column":0},"end":{"line":11,"column":2}},"3":{"start":{"line":10,"column":2},"end":{"line":10,"column":150}},"4":{"start":{"line":13,"column":0},"end":{"line":13,"column":36}}},"branchMap":{"1":{"line":10,"type":"cond-expr","locations":[{"start":{"line":10,"column":35},"end":{"line":10,"column":38}},{"start":{"line":10,"column":41},"end":{"line":10,"column":149}}]},"2":{"line":10,"type":"cond-expr","locations":[{"start":{"line":10,"column":58},"end":{"line":10,"column":62}},{"start":{"line":10,"column":65},"end":{"line":10,"column":149}}]},"3":{"line":10,"type":"cond-expr","locations":[{"start":{"line":10,"column":83},"end":{"line":10,"column":88}},{"start":{"line":10,"column":91},"end":{"line":10,"column":149}}]},"4":{"line":10,"type":"cond-expr","locations":[{"start":{"line":10,"column":108},"end":{"line":10,"column":113}},{"start":{"line":10,"column":116},"end":{"line":10,"column":149}}]},"5":{"line":10,"type":"cond-expr","locations":[{"start":{"line":10,"column":138},"end":{"line":10,"column":143}},{"start":{"line":10,"column":146},"end":{"line":10,"column":149}}]}},"code":["// Attempt to convert a string value to a Boolean. Otherwise, return the value","// without modification so Vue can throw a warning.","'use strict';","","Object.defineProperty(exports, '__esModule', {","  value: true","});","","exports['default'] = function (val) {","  return typeof val !== 'string' ? val : val === 'true' ? true : val === 'false' ? false : val === 'null' ? false : val === 'undefined' ? false : val;","};","","module.exports = exports['default'];"],"l":{"5":7,"9":7,"10":12,"13":7}},
"/Users/chenchaoqun/GitLab/aliqin/vue-component/src/index.js":{"path":"/Users/chenchaoqun/GitLab/aliqin/vue-component/src/index.js","s":{"1":1,"2":32,"3":1,"4":1,"5":1,"6":1,"7":1,"8":1,"9":1,"10":1,"11":1,"12":1,"13":1,"14":1,"15":1,"16":1,"17":1,"18":1,"19":1,"20":1,"21":1,"22":1,"23":1,"24":1,"25":1,"26":1,"27":1,"28":1,"29":1,"30":1,"31":1,"32":1,"33":1,"34":1,"35":1,"36":1,"37":1,"38":1,"39":1,"40":1,"41":1,"42":1,"43":1,"44":1,"45":1,"46":1,"47":1,"48":1,"49":1,"50":1,"51":1,"52":1,"53":1,"54":1,"55":1,"56":1,"57":1,"58":1,"59":1,"60":1,"61":1,"62":1,"63":1,"64":1,"65":1,"66":1,"67":1,"68":1,"69":1,"70":1,"71":1,"72":1,"73":1,"74":0,"75":1,"76":1,"77":1,"78":1,"79":0,"80":0},"b":{"1":[0,32],"2":[32,32],"3":[0,1],"4":[0,1],"5":[1,1]},"f":{"1":32,"2":1,"3":1},"fnMap":{"1":{"name":"_interopRequireDefault","line":3,"loc":{"start":{"line":3,"column":0},"end":{"line":3,"column":37}}},"2":{"name":"getIEVersion","line":181,"loc":{"start":{"line":181,"column":0},"end":{"line":181,"column":24}}},"3":{"name":"(anonymous_3)","line":193,"loc":{"start":{"line":193,"column":46},"end":{"line":193,"column":63}}}},"statementMap":{"1":{"start":{"line":3,"column":0},"end":{"line":3,"column":97}},"2":{"start":{"line":3,"column":39},"end":{"line":3,"column":95}},"3":{"start":{"line":5,"column":0},"end":{"line":5,"column":52}},"4":{"start":{"line":7,"column":0},"end":{"line":7,"column":63}},"5":{"start":{"line":9,"column":0},"end":{"line":9,"column":52}},"6":{"start":{"line":11,"column":0},"end":{"line":11,"column":63}},"7":{"start":{"line":13,"column":0},"end":{"line":13,"column":56}},"8":{"start":{"line":15,"column":0},"end":{"line":15,"column":67}},"9":{"start":{"line":17,"column":0},"end":{"line":17,"column":56}},"10":{"start":{"line":19,"column":0},"end":{"line":19,"column":67}},"11":{"start":{"line":21,"column":0},"end":{"line":21,"column":54}},"12":{"start":{"line":23,"column":0},"end":{"line":23,"column":65}},"13":{"start":{"line":25,"column":0},"end":{"line":25,"column":62}},"14":{"start":{"line":27,"column":0},"end":{"line":27,"column":73}},"15":{"start":{"line":29,"column":0},"end":{"line":29,"column":60}},"16":{"start":{"line":31,"column":0},"end":{"line":31,"column":71}},"17":{"start":{"line":33,"column":0},"end":{"line":33,"column":56}},"18":{"start":{"line":35,"column":0},"end":{"line":35,"column":67}},"19":{"start":{"line":37,"column":0},"end":{"line":37,"column":56}},"20":{"start":{"line":39,"column":0},"end":{"line":39,"column":67}},"21":{"start":{"line":41,"column":0},"end":{"line":41,"column":60}},"22":{"start":{"line":43,"column":0},"end":{"line":43,"column":71}},"23":{"start":{"line":45,"column":0},"end":{"line":45,"column":56}},"24":{"start":{"line":47,"column":0},"end":{"line":47,"column":67}},"25":{"start":{"line":49,"column":0},"end":{"line":49,"column":60}},"26":{"start":{"line":51,"column":0},"end":{"line":51,"column":71}},"27":{"start":{"line":53,"column":0},"end":{"line":53,"column":64}},"28":{"start":{"line":55,"column":0},"end":{"line":55,"column":75}},"29":{"start":{"line":57,"column":0},"end":{"line":57,"column":64}},"30":{"start":{"line":64,"column":0},"end":{"line":64,"column":75}},"31":{"start":{"line":66,"column":0},"end":{"line":66,"column":60}},"32":{"start":{"line":68,"column":0},"end":{"line":68,"column":71}},"33":{"start":{"line":70,"column":0},"end":{"line":70,"column":58}},"34":{"start":{"line":72,"column":0},"end":{"line":72,"column":69}},"35":{"start":{"line":74,"column":0},"end":{"line":74,"column":54}},"36":{"start":{"line":76,"column":0},"end":{"line":76,"column":65}},"37":{"start":{"line":78,"column":0},"end":{"line":78,"column":54}},"38":{"start":{"line":80,"column":0},"end":{"line":80,"column":65}},"39":{"start":{"line":82,"column":0},"end":{"line":82,"column":54}},"40":{"start":{"line":84,"column":0},"end":{"line":84,"column":65}},"41":{"start":{"line":86,"column":0},"end":{"line":86,"column":60}},"42":{"start":{"line":88,"column":0},"end":{"line":88,"column":71}},"43":{"start":{"line":90,"column":0},"end":{"line":90,"column":60}},"44":{"start":{"line":94,"column":0},"end":{"line":94,"column":71}},"45":{"start":{"line":96,"column":0},"end":{"line":96,"column":52}},"46":{"start":{"line":98,"column":0},"end":{"line":98,"column":63}},"47":{"start":{"line":100,"column":0},"end":{"line":100,"column":60}},"48":{"start":{"line":102,"column":0},"end":{"line":102,"column":71}},"49":{"start":{"line":104,"column":0},"end":{"line":104,"column":50}},"50":{"start":{"line":106,"column":0},"end":{"line":106,"column":61}},"51":{"start":{"line":108,"column":0},"end":{"line":108,"column":58}},"52":{"start":{"line":110,"column":0},"end":{"line":110,"column":69}},"53":{"start":{"line":112,"column":0},"end":{"line":112,"column":62}},"54":{"start":{"line":118,"column":0},"end":{"line":118,"column":73}},"55":{"start":{"line":120,"column":0},"end":{"line":120,"column":58}},"56":{"start":{"line":122,"column":0},"end":{"line":122,"column":69}},"57":{"start":{"line":124,"column":0},"end":{"line":124,"column":52}},"58":{"start":{"line":126,"column":0},"end":{"line":126,"column":63}},"59":{"start":{"line":128,"column":0},"end":{"line":128,"column":54}},"60":{"start":{"line":130,"column":0},"end":{"line":130,"column":65}},"61":{"start":{"line":132,"column":0},"end":{"line":132,"column":52}},"62":{"start":{"line":134,"column":0},"end":{"line":134,"column":63}},"63":{"start":{"line":136,"column":0},"end":{"line":136,"column":64}},"64":{"start":{"line":138,"column":0},"end":{"line":138,"column":75}},"65":{"start":{"line":140,"column":0},"end":{"line":140,"column":64}},"66":{"start":{"line":142,"column":0},"end":{"line":142,"column":75}},"67":{"start":{"line":144,"column":0},"end":{"line":177,"column":2}},"68":{"start":{"line":179,"column":0},"end":{"line":179,"column":30}},"69":{"start":{"line":181,"column":0},"end":{"line":189,"column":1}},"70":{"start":{"line":182,"column":2},"end":{"line":182,"column":34}},"71":{"start":{"line":183,"column":2},"end":{"line":183,"column":40}},"72":{"start":{"line":184,"column":2},"end":{"line":184,"column":33}},"73":{"start":{"line":185,"column":2},"end":{"line":187,"column":3}},"74":{"start":{"line":186,"column":4},"end":{"line":186,"column":52}},"75":{"start":{"line":188,"column":2},"end":{"line":188,"column":38}},"76":{"start":{"line":191,"column":0},"end":{"line":191,"column":32}},"77":{"start":{"line":193,"column":0},"end":{"line":198,"column":3}},"78":{"start":{"line":194,"column":2},"end":{"line":197,"column":3}},"79":{"start":{"line":195,"column":4},"end":{"line":195,"column":49}},"80":{"start":{"line":196,"column":4},"end":{"line":196,"column":62}}},"branchMap":{"1":{"line":3,"type":"cond-expr","locations":[{"start":{"line":3,"column":70},"end":{"line":3,"column":73}},{"start":{"line":3,"column":76},"end":{"line":3,"column":94}}]},"2":{"line":3,"type":"binary-expr","locations":[{"start":{"line":3,"column":46},"end":{"line":3,"column":49}},{"start":{"line":3,"column":53},"end":{"line":3,"column":67}}]},"3":{"line":185,"type":"if","locations":[{"start":{"line":185,"column":2},"end":{"line":185,"column":2}},{"start":{"line":185,"column":2},"end":{"line":185,"column":2}}]},"4":{"line":194,"type":"if","locations":[{"start":{"line":194,"column":2},"end":{"line":194,"column":2}},{"start":{"line":194,"column":2},"end":{"line":194,"column":2}}]},"5":{"line":194,"type":"binary-expr","locations":[{"start":{"line":194,"column":6},"end":{"line":194,"column":30}},{"start":{"line":194,"column":34},"end":{"line":194,"column":59}}]}},"code":["'use strict';","","function _interopRequireDefault(obj) { return obj && obj.__esModule ? obj : { 'default': obj }; }","","var _componentsIcon = require('./components/Icon/');","","var _componentsIcon2 = _interopRequireDefault(_componentsIcon);","","var _componentsForm = require('./components/Form/');","","var _componentsForm2 = _interopRequireDefault(_componentsForm);","","var _componentsLayout = require('./components/Layout/');","","var _componentsLayout2 = _interopRequireDefault(_componentsLayout);","","var _componentsButton = require('./components/Button/');","","var _componentsButton2 = _interopRequireDefault(_componentsButton);","","var _componentsInput = require('./components/Input/');","","var _componentsInput2 = _interopRequireDefault(_componentsInput);","","var _componentsSearchbox = require('./components/Searchbox/');","","var _componentsSearchbox2 = _interopRequireDefault(_componentsSearchbox);","","var _componentsUploader = require('./components/Uploader/');","","var _componentsUploader2 = _interopRequireDefault(_componentsUploader);","","var _componentsSlider = require('./components/Slider/');","","var _componentsSlider2 = _interopRequireDefault(_componentsSlider);","","var _componentsSwitch = require('./components/Switch/');","","var _componentsSwitch2 = _interopRequireDefault(_componentsSwitch);","","var _componentsDropdown = require('./components/Dropdown/');","","var _componentsDropdown2 = _interopRequireDefault(_componentsDropdown);","","var _componentsSelect = require('./components/Select/');","","var _componentsSelect2 = _interopRequireDefault(_componentsSelect);","","var _componentsCalendar = require('./components/Calendar/');","","var _componentsCalendar2 = _interopRequireDefault(_componentsCalendar);","","var _componentsTimePicker = require('./components/TimePicker/');","","var _componentsTimePicker2 = _interopRequireDefault(_componentsTimePicker);","","var _componentsDatePicker = require('./components/DatePicker/');","","// import Progressbar from './components/progressbar.vue'","// import Typeahead from './components/Typeahead.vue'","","// 展示类","","var _componentsDatePicker2 = _interopRequireDefault(_componentsDatePicker);","","var _componentsCascader = require('./components/Cascader/');","","var _componentsCascader2 = _interopRequireDefault(_componentsCascader);","","var _componentsMessage = require('./components/Message/');","","var _componentsMessage2 = _interopRequireDefault(_componentsMessage);","","var _componentsModal = require('./components/Modal/');","","var _componentsModal2 = _interopRequireDefault(_componentsModal);","","var _componentsTable = require('./components/Table/');","","var _componentsTable2 = _interopRequireDefault(_componentsTable);","","var _componentsBadge = require('./components/Badge/');","","var _componentsBadge2 = _interopRequireDefault(_componentsBadge);","","var _componentsCarousel = require('./components/Carousel/');","","var _componentsCarousel2 = _interopRequireDefault(_componentsCarousel);","","var _componentsAffixVue = require('./components/Affix.vue');","","// import Container from './components/Container.vue'","","var _componentsAffixVue2 = _interopRequireDefault(_componentsAffixVue);","","var _componentsSpin = require('./components/Spin/');","","var _componentsSpin2 = _interopRequireDefault(_componentsSpin);","","var _componentsTextarea = require('./components/Textarea/');","","var _componentsTextarea2 = _interopRequireDefault(_componentsTextarea);","","var _componentsTag = require('./components/Tag/');","","var _componentsTag2 = _interopRequireDefault(_componentsTag);","","var _componentsTooltip = require('./components/Tooltip/');","","var _componentsTooltip2 = _interopRequireDefault(_componentsTooltip);","","var _componentsAccordion = require('./components/Accordion/');","","// 导航类","// import ffix from './components/affix.vue'","// import side from './components/aside.vue'","","var _componentsAccordion2 = _interopRequireDefault(_componentsAccordion);","","var _componentsPopover = require('./components/Popover/');","","var _componentsPopover2 = _interopRequireDefault(_componentsPopover);","","var _componentsTabs = require('./components/Tabs/');","","var _componentsTabs2 = _interopRequireDefault(_componentsTabs);","","var _componentsSteps = require('./components/Steps/');","","var _componentsSteps2 = _interopRequireDefault(_componentsSteps);","","var _componentsMenu = require('./components/Menu/');","","var _componentsMenu2 = _interopRequireDefault(_componentsMenu);","","var _componentsBreadcrumb = require('./components/Breadcrumb/');","","var _componentsBreadcrumb2 = _interopRequireDefault(_componentsBreadcrumb);","","var _componentsPagination = require('./components/Pagination/');","","var _componentsPagination2 = _interopRequireDefault(_componentsPagination);","","var VueComponent = {","  Layout: _componentsLayout2['default'],","  Icon: _componentsIcon2['default'],","  Form: _componentsForm2['default'],","  Searchbox: _componentsSearchbox2['default'],","  Uploader: _componentsUploader2['default'],","  Slider: _componentsSlider2['default'],","  Switch: _componentsSwitch2['default'],","  Dropdown: _componentsDropdown2['default'],","  Select: _componentsSelect2['default'],","  Calendar: _componentsCalendar2['default'],","  TimePicker: _componentsTimePicker2['default'],","  DatePicker: _componentsDatePicker2['default'],","  Message: _componentsMessage2['default'],","  Cascader: _componentsCascader2['default'],","  Modal: _componentsModal2['default'],","  Table: _componentsTable2['default'],","  Badge: _componentsBadge2['default'],","  Carousel: _componentsCarousel2['default'],","  Affix: _componentsAffixVue2['default'],","  Spin: _componentsSpin2['default'],","  Textarea: _componentsTextarea2['default'],","  Input: _componentsInput2['default'],","  Button: _componentsButton2['default'],","  Tag: _componentsTag2['default'],","  Tooltip: _componentsTooltip2['default'],","  Accordion: _componentsAccordion2['default'],","  Popover: _componentsPopover2['default'],","  Tabs: _componentsTabs2['default'],","  Steps: _componentsSteps2['default'],","  Menu: _componentsMenu2['default'],","  Breadcrumb: _componentsBreadcrumb2['default'],","  Pagination: _componentsPagination2['default']","};","","module.exports = VueComponent;","","function getIEVersion() {","  var agent = navigator.userAgent;","  var reg = /MSIE\\s?(\\d+)(?:\\.(\\d+))?/i;","  var matches = agent.match(reg);","  if (matches != null) {","    return { major: matches[1], minor: matches[2] };","  }","  return { major: '-1', minor: '-1' };","}","","var ie_version = getIEVersion();","// ie10以及以下，对某些样式支持有问题，需要降级","document.addEventListener('DOMContentLoaded', function (event) {","  if (ie_version.major === '9' || ie_version.major === '10') {","    Vue.util.addClass(document.body, 'let-ie11');","    Vue.util.addClass(document.body, 'ie' + ie_version.major);","  }","});"],"l":{"3":32,"5":1,"7":1,"9":1,"11":1,"13":1,"15":1,"17":1,"19":1,"21":1,"23":1,"25":1,"27":1,"29":1,"31":1,"33":1,"35":1,"37":1,"39":1,"41":1,"43":1,"45":1,"47":1,"49":1,"51":1,"53":1,"55":1,"57":1,"64":1,"66":1,"68":1,"70":1,"72":1,"74":1,"76":1,"78":1,"80":1,"82":1,"84":1,"86":1,"88":1,"90":1,"94":1,"96":1,"98":1,"100":1,"102":1,"104":1,"106":1,"108":1,"110":1,"112":1,"118":1,"120":1,"122":1,"124":1,"126":1,"128":1,"130":1,"132":1,"134":1,"136":1,"138":1,"140":1,"142":1,"144":1,"179":1,"181":1,"182":1,"183":1,"184":1,"185":1,"186":0,"188":1,"191":1,"193":1,"194":1,"195":0,"196":0}},
"/Users/chenchaoqun/GitLab/aliqin/vue-component/src/components/Form/index.js":{"path":"/Users/chenchaoqun/GitLab/aliqin/vue-component/src/components/Form/index.js","s":{"1":1,"2":1,"3":2,"4":1,"5":1,"6":1,"7":1,"8":1,"9":1,"10":1},"b":{"1":[0,2],"2":[2,2]},"f":{"1":2},"fnMap":{"1":{"name":"_interopRequireDefault","line":7,"loc":{"start":{"line":7,"column":0},"end":{"line":7,"column":37}}}},"statementMap":{"1":{"start":{"line":3,"column":0},"end":{"line":5,"column":3}},"2":{"start":{"line":7,"column":0},"end":{"line":7,"column":97}},"3":{"start":{"line":7,"column":39},"end":{"line":7,"column":95}},"4":{"start":{"line":9,"column":0},"end":{"line":9,"column":37}},"5":{"start":{"line":11,"column":0},"end":{"line":11,"column":49}},"6":{"start":{"line":13,"column":0},"end":{"line":13,"column":45}},"7":{"start":{"line":15,"column":0},"end":{"line":15,"column":57}},"8":{"start":{"line":17,"column":0},"end":{"line":17,"column":57}},"9":{"start":{"line":19,"column":0},"end":{"line":19,"column":42}},"10":{"start":{"line":20,"column":0},"end":{"line":20,"column":36}}},"branchMap":{"1":{"line":7,"type":"cond-expr","locations":[{"start":{"line":7,"column":70},"end":{"line":7,"column":73}},{"start":{"line":7,"column":76},"end":{"line":7,"column":94}}]},"2":{"line":7,"type":"binary-expr","locations":[{"start":{"line":7,"column":46},"end":{"line":7,"column":49}},{"start":{"line":7,"column":53},"end":{"line":7,"column":67}}]}},"code":["'use strict';","","Object.defineProperty(exports, '__esModule', {","  value: true","});","","function _interopRequireDefault(obj) { return obj && obj.__esModule ? obj : { 'default': obj }; }","","var _FormVue = require('./Form.vue');","","var _FormVue2 = _interopRequireDefault(_FormVue);","","var _FormItemVue = require('./FormItem.vue');","","var _FormItemVue2 = _interopRequireDefault(_FormItemVue);","","_FormVue2['default'].FormItem = _FormItemVue2['default'];","","exports['default'] = _FormVue2['default'];","module.exports = exports['default'];"],"l":{"3":1,"7":2,"9":1,"11":1,"13":1,"15":1,"17":1,"19":1,"20":1}},
"/Users/chenchaoqun/GitLab/aliqin/vue-component/src/components/Layout/index.js":{"path":"/Users/chenchaoqun/GitLab/aliqin/vue-component/src/components/Layout/index.js","s":{"1":1,"2":1,"3":2,"4":1,"5":1,"6":1,"7":1,"8":1,"9":1},"b":{"1":[0,2],"2":[2,2]},"f":{"1":2},"fnMap":{"1":{"name":"_interopRequireDefault","line":7,"loc":{"start":{"line":7,"column":0},"end":{"line":7,"column":37}}}},"statementMap":{"1":{"start":{"line":3,"column":0},"end":{"line":5,"column":3}},"2":{"start":{"line":7,"column":0},"end":{"line":7,"column":97}},"3":{"start":{"line":7,"column":39},"end":{"line":7,"column":95}},"4":{"start":{"line":9,"column":0},"end":{"line":9,"column":35}},"5":{"start":{"line":11,"column":0},"end":{"line":11,"column":47}},"6":{"start":{"line":13,"column":0},"end":{"line":13,"column":35}},"7":{"start":{"line":15,"column":0},"end":{"line":15,"column":47}},"8":{"start":{"line":17,"column":0},"end":{"line":17,"column":76}},"9":{"start":{"line":18,"column":0},"end":{"line":18,"column":36}}},"branchMap":{"1":{"line":7,"type":"cond-expr","locations":[{"start":{"line":7,"column":70},"end":{"line":7,"column":73}},{"start":{"line":7,"column":76},"end":{"line":7,"column":94}}]},"2":{"line":7,"type":"binary-expr","locations":[{"start":{"line":7,"column":46},"end":{"line":7,"column":49}},{"start":{"line":7,"column":53},"end":{"line":7,"column":67}}]}},"code":["'use strict';","","Object.defineProperty(exports, '__esModule', {","  value: true","});","","function _interopRequireDefault(obj) { return obj && obj.__esModule ? obj : { 'default': obj }; }","","var _RowVue = require('./Row.vue');","","var _RowVue2 = _interopRequireDefault(_RowVue);","","var _ColVue = require('./Col.vue');","","var _ColVue2 = _interopRequireDefault(_ColVue);","","exports['default'] = { Row: _RowVue2['default'], Col: _ColVue2['default'] };","module.exports = exports['default'];"],"l":{"3":1,"7":2,"9":1,"11":1,"13":1,"15":1,"17":1,"18":1}},
"/Users/chenchaoqun/GitLab/aliqin/vue-component/src/components/Searchbox/index.js":{"path":"/Users/chenchaoqun/GitLab/aliqin/vue-component/src/components/Searchbox/index.js","s":{"1":2,"2":1,"3":2,"4":2,"5":2,"6":2,"7":2},"b":{"1":[0,2],"2":[2,2]},"f":{"1":2},"fnMap":{"1":{"name":"_interopRequireDefault","line":7,"loc":{"start":{"line":7,"column":0},"end":{"line":7,"column":37}}}},"statementMap":{"1":{"start":{"line":3,"column":0},"end":{"line":5,"column":3}},"2":{"start":{"line":7,"column":0},"end":{"line":7,"column":97}},"3":{"start":{"line":7,"column":39},"end":{"line":7,"column":95}},"4":{"start":{"line":9,"column":0},"end":{"line":9,"column":47}},"5":{"start":{"line":11,"column":0},"end":{"line":11,"column":59}},"6":{"start":{"line":13,"column":0},"end":{"line":13,"column":47}},"7":{"start":{"line":14,"column":0},"end":{"line":14,"column":36}}},"branchMap":{"1":{"line":7,"type":"cond-expr","locations":[{"start":{"line":7,"column":70},"end":{"line":7,"column":73}},{"start":{"line":7,"column":76},"end":{"line":7,"column":94}}]},"2":{"line":7,"type":"binary-expr","locations":[{"start":{"line":7,"column":46},"end":{"line":7,"column":49}},{"start":{"line":7,"column":53},"end":{"line":7,"column":67}}]}},"code":["'use strict';","","Object.defineProperty(exports, '__esModule', {","  value: true","});","","function _interopRequireDefault(obj) { return obj && obj.__esModule ? obj : { 'default': obj }; }","","var _SearchboxVue = require('./Searchbox.vue');","","var _SearchboxVue2 = _interopRequireDefault(_SearchboxVue);","","exports['default'] = _SearchboxVue2['default'];","module.exports = exports['default'];"],"l":{"3":2,"7":2,"9":2,"11":2,"13":2,"14":2}},
"/Users/chenchaoqun/GitLab/aliqin/vue-component/src/components/Uploader/index.js":{"path":"/Users/chenchaoqun/GitLab/aliqin/vue-component/src/components/Uploader/index.js","s":{"1":1,"2":1,"3":1,"4":1,"5":1,"6":1,"7":1},"b":{"1":[0,1],"2":[1,1]},"f":{"1":1},"fnMap":{"1":{"name":"_interopRequireDefault","line":7,"loc":{"start":{"line":7,"column":0},"end":{"line":7,"column":37}}}},"statementMap":{"1":{"start":{"line":3,"column":0},"end":{"line":5,"column":3}},"2":{"start":{"line":7,"column":0},"end":{"line":7,"column":97}},"3":{"start":{"line":7,"column":39},"end":{"line":7,"column":95}},"4":{"start":{"line":9,"column":0},"end":{"line":9,"column":45}},"5":{"start":{"line":11,"column":0},"end":{"line":11,"column":57}},"6":{"start":{"line":13,"column":0},"end":{"line":13,"column":46}},"7":{"start":{"line":14,"column":0},"end":{"line":14,"column":36}}},"branchMap":{"1":{"line":7,"type":"cond-expr","locations":[{"start":{"line":7,"column":70},"end":{"line":7,"column":73}},{"start":{"line":7,"column":76},"end":{"line":7,"column":94}}]},"2":{"line":7,"type":"binary-expr","locations":[{"start":{"line":7,"column":46},"end":{"line":7,"column":49}},{"start":{"line":7,"column":53},"end":{"line":7,"column":67}}]}},"code":["'use strict';","","Object.defineProperty(exports, '__esModule', {","  value: true","});","","function _interopRequireDefault(obj) { return obj && obj.__esModule ? obj : { 'default': obj }; }","","var _UploaderVue = require('./Uploader.vue');","","var _UploaderVue2 = _interopRequireDefault(_UploaderVue);","","exports['default'] = _UploaderVue2['default'];","module.exports = exports['default'];"],"l":{"3":1,"7":1,"9":1,"11":1,"13":1,"14":1}},
"/Users/chenchaoqun/GitLab/aliqin/vue-component/src/components/Message/index.js":{"path":"/Users/chenchaoqun/GitLab/aliqin/vue-component/src/components/Message/index.js","s":{"1":2,"2":1,"3":2,"4":2,"5":2,"6":2,"7":10,"8":0,"9":0,"10":0,"11":0,"12":0,"13":0,"14":0,"15":2,"16":2},"b":{"1":[0,2],"2":[2,2],"3":[0,0],"4":[0,0],"5":[0,0]},"f":{"1":2,"2":10,"3":0,"4":0,"5":0},"fnMap":{"1":{"name":"_interopRequireDefault","line":7,"loc":{"start":{"line":7,"column":0},"end":{"line":7,"column":37}}},"2":{"name":"(anonymous_2)","line":13,"loc":{"start":{"line":13,"column":59},"end":{"line":13,"column":78}}},"3":{"name":"(anonymous_3)","line":14,"loc":{"start":{"line":14,"column":34},"end":{"line":14,"column":74}}},"4":{"name":"ready","line":30,"loc":{"start":{"line":30,"column":13},"end":{"line":30,"column":30}}},"5":{"name":"(anonymous_5)","line":33,"loc":{"start":{"line":33,"column":21},"end":{"line":33,"column":33}}}},"statementMap":{"1":{"start":{"line":3,"column":0},"end":{"line":5,"column":3}},"2":{"start":{"line":7,"column":0},"end":{"line":7,"column":97}},"3":{"start":{"line":7,"column":39},"end":{"line":7,"column":95}},"4":{"start":{"line":9,"column":0},"end":{"line":9,"column":43}},"5":{"start":{"line":11,"column":0},"end":{"line":11,"column":55}},"6":{"start":{"line":13,"column":0},"end":{"line":40,"column":3}},"7":{"start":{"line":14,"column":2},"end":{"line":39,"column":4}},"8":{"start":{"line":15,"column":4},"end":{"line":15,"column":32}},"9":{"start":{"line":16,"column":4},"end":{"line":16,"column":35}},"10":{"start":{"line":17,"column":4},"end":{"line":38,"column":34}},"11":{"start":{"line":31,"column":8},"end":{"line":31,"column":22}},"12":{"start":{"line":32,"column":8},"end":{"line":36,"column":9}},"13":{"start":{"line":33,"column":10},"end":{"line":35,"column":23}},"14":{"start":{"line":34,"column":12},"end":{"line":34,"column":30}},"15":{"start":{"line":42,"column":0},"end":{"line":42,"column":45}},"16":{"start":{"line":43,"column":0},"end":{"line":43,"column":36}}},"branchMap":{"1":{"line":7,"type":"cond-expr","locations":[{"start":{"line":7,"column":70},"end":{"line":7,"column":73}},{"start":{"line":7,"column":76},"end":{"line":7,"column":94}}]},"2":{"line":7,"type":"binary-expr","locations":[{"start":{"line":7,"column":46},"end":{"line":7,"column":49}},{"start":{"line":7,"column":53},"end":{"line":7,"column":67}}]},"3":{"line":15,"type":"binary-expr","locations":[{"start":{"line":15,"column":15},"end":{"line":15,"column":23}},{"start":{"line":15,"column":27},"end":{"line":15,"column":31}}]},"4":{"line":16,"type":"binary-expr","locations":[{"start":{"line":16,"column":16},"end":{"line":16,"column":25}},{"start":{"line":16,"column":29},"end":{"line":16,"column":34}}]},"5":{"line":32,"type":"if","locations":[{"start":{"line":32,"column":8},"end":{"line":32,"column":8}},{"start":{"line":32,"column":8},"end":{"line":32,"column":8}}]}},"code":["'use strict';","","Object.defineProperty(exports, '__esModule', {","  value: true","});","","function _interopRequireDefault(obj) { return obj && obj.__esModule ? obj : { 'default': obj }; }","","var _MessageVue = require('./Message.vue');","","var _MessageVue2 = _interopRequireDefault(_MessageVue);","","['info', 'success', 'error', 'warning', 'loading'].forEach(function (type, i) {","  _MessageVue2['default'][type] = function (content, duration, placement) {","    duration = duration || 3000;","    placement = placement || 'top';","    new Vue({","      template: '\\n      <message class=\"atui-message-notice\"\\n      :show=\"show\"\\n      :duration=\"duration\"\\n      :type=\"type\"\\n      :transition=\"transition\"\\n      :placement=\"placement\">\\n      {{content}}\\n      </message>\\n      ',","      components: {","        Message: _MessageVue2['default']","      },","      data: {","        content: content,","        type: type,","        duration: duration,","        show: true,","        transition: 'movedown',","        placement: placement","      },","      ready: function ready() {","        var me = this;","        if (me.duration) {","          setTimeout(function () {","            me.$destroy(true);","          }, duration);","        }","      }","    }).$mount().$appendTo('body');","  };","});","","exports['default'] = _MessageVue2['default'];","module.exports = exports['default'];"],"l":{"3":2,"7":2,"9":2,"11":2,"13":2,"14":10,"15":0,"16":0,"17":0,"31":0,"32":0,"33":0,"34":0,"42":2,"43":2}},
"/Users/chenchaoqun/GitLab/aliqin/vue-component/src/components/Slider/index.js":{"path":"/Users/chenchaoqun/GitLab/aliqin/vue-component/src/components/Slider/index.js","s":{"1":1,"2":1,"3":1,"4":1,"5":1,"6":1,"7":1},"b":{"1":[0,1],"2":[1,1]},"f":{"1":1},"fnMap":{"1":{"name":"_interopRequireDefault","line":7,"loc":{"start":{"line":7,"column":0},"end":{"line":7,"column":37}}}},"statementMap":{"1":{"start":{"line":3,"column":0},"end":{"line":5,"column":3}},"2":{"start":{"line":7,"column":0},"end":{"line":7,"column":97}},"3":{"start":{"line":7,"column":39},"end":{"line":7,"column":95}},"4":{"start":{"line":9,"column":0},"end":{"line":9,"column":41}},"5":{"start":{"line":11,"column":0},"end":{"line":11,"column":53}},"6":{"start":{"line":13,"column":0},"end":{"line":13,"column":44}},"7":{"start":{"line":14,"column":0},"end":{"line":14,"column":36}}},"branchMap":{"1":{"line":7,"type":"cond-expr","locations":[{"start":{"line":7,"column":70},"end":{"line":7,"column":73}},{"start":{"line":7,"column":76},"end":{"line":7,"column":94}}]},"2":{"line":7,"type":"binary-expr","locations":[{"start":{"line":7,"column":46},"end":{"line":7,"column":49}},{"start":{"line":7,"column":53},"end":{"line":7,"column":67}}]}},"code":["'use strict';","","Object.defineProperty(exports, '__esModule', {","  value: true","});","","function _interopRequireDefault(obj) { return obj && obj.__esModule ? obj : { 'default': obj }; }","","var _SliderVue = require('./Slider.vue');","","var _SliderVue2 = _interopRequireDefault(_SliderVue);","","exports['default'] = _SliderVue2['default'];","module.exports = exports['default'];"],"l":{"3":1,"7":1,"9":1,"11":1,"13":1,"14":1}},
"/Users/chenchaoqun/GitLab/aliqin/vue-component/src/components/Tooltip/index.js":{"path":"/Users/chenchaoqun/GitLab/aliqin/vue-component/src/components/Tooltip/index.js","s":{"1":2,"2":1,"3":2,"4":2,"5":2,"6":2,"7":2},"b":{"1":[0,2],"2":[2,2]},"f":{"1":2},"fnMap":{"1":{"name":"_interopRequireDefault","line":7,"loc":{"start":{"line":7,"column":0},"end":{"line":7,"column":37}}}},"statementMap":{"1":{"start":{"line":3,"column":0},"end":{"line":5,"column":3}},"2":{"start":{"line":7,"column":0},"end":{"line":7,"column":97}},"3":{"start":{"line":7,"column":39},"end":{"line":7,"column":95}},"4":{"start":{"line":9,"column":0},"end":{"line":9,"column":43}},"5":{"start":{"line":11,"column":0},"end":{"line":11,"column":55}},"6":{"start":{"line":13,"column":0},"end":{"line":13,"column":45}},"7":{"start":{"line":14,"column":0},"end":{"line":14,"column":36}}},"branchMap":{"1":{"line":7,"type":"cond-expr","locations":[{"start":{"line":7,"column":70},"end":{"line":7,"column":73}},{"start":{"line":7,"column":76},"end":{"line":7,"column":94}}]},"2":{"line":7,"type":"binary-expr","locations":[{"start":{"line":7,"column":46},"end":{"line":7,"column":49}},{"start":{"line":7,"column":53},"end":{"line":7,"column":67}}]}},"code":["'use strict';","","Object.defineProperty(exports, '__esModule', {","  value: true","});","","function _interopRequireDefault(obj) { return obj && obj.__esModule ? obj : { 'default': obj }; }","","var _TooltipVue = require('./Tooltip.vue');","","var _TooltipVue2 = _interopRequireDefault(_TooltipVue);","","exports['default'] = _TooltipVue2['default'];","module.exports = exports['default'];"],"l":{"3":2,"7":2,"9":2,"11":2,"13":2,"14":2}},
"/Users/chenchaoqun/GitLab/aliqin/vue-component/src/components/popoverMixins.js":{"path":"/Users/chenchaoqun/GitLab/aliqin/vue-component/src/components/popoverMixins.js","s":{"1":2,"2":1,"3":4,"4":2,"5":2,"6":2,"7":2,"8":2,"9":2,"10":0,"11":0,"12":0,"13":0,"14":0,"15":0,"16":0,"17":0,"18":0,"19":0,"20":0,"21":0,"22":0,"23":0,"24":0,"25":0,"26":0,"27":0,"28":0,"29":0,"30":0,"31":0,"32":0,"33":0,"34":0,"35":0,"36":0,"37":0,"38":0,"39":0,"40":0,"41":0,"42":0,"43":0,"44":0,"45":0,"46":0,"47":0,"48":0,"49":0,"50":0,"51":0,"52":0,"53":0,"54":0,"55":0,"56":0,"57":0,"58":0,"59":0,"60":0,"61":0,"62":0,"63":1,"64":1,"65":1,"66":1,"67":0,"68":1,"69":1,"70":1,"71":1,"72":1,"73":0,"74":0,"75":1,"76":0,"77":0,"78":0,"79":0,"80":0,"81":0,"82":0,"83":0,"84":0,"85":0,"86":0,"87":0,"88":0,"89":0,"90":0,"91":0,"92":0,"93":0,"94":2,"95":2},"b":{"1":[0,4],"2":[4,4],"3":[0,0],"4":[0,0],"5":[0,0,0,0,0,0,0,0,0,0,0,0,0],"6":[1,0],"7":[0,1],"8":[1,0],"9":[0,0],"10":[0,0],"11":[0,0],"12":[0,0]},"f":{"1":4,"2":2,"3":0,"4":0,"5":0,"6":1,"7":1,"8":0,"9":0,"10":0,"11":0,"12":0,"13":0},"fnMap":{"1":{"name":"_interopRequireDefault","line":7,"loc":{"start":{"line":7,"column":0},"end":{"line":7,"column":37}}},"2":{"name":"data","line":41,"loc":{"start":{"line":41,"column":8},"end":{"line":41,"column":24}}},"3":{"name":"toggle","line":52,"loc":{"start":{"line":52,"column":12},"end":{"line":52,"column":30}}},"4":{"name":"resetPos","line":59,"loc":{"start":{"line":59,"column":14},"end":{"line":59,"column":34}}},"5":{"name":"(anonymous_5)","line":63,"loc":{"start":{"line":63,"column":19},"end":{"line":63,"column":31}}},"6":{"name":"attached","line":130,"loc":{"start":{"line":130,"column":12},"end":{"line":130,"column":32}}},"7":{"name":"ready","line":135,"loc":{"start":{"line":135,"column":9},"end":{"line":135,"column":26}}},"8":{"name":"(anonymous_8)","line":145,"loc":{"start":{"line":145,"column":93},"end":{"line":145,"column":105}}},"9":{"name":"(anonymous_9)","line":149,"loc":{"start":{"line":149,"column":93},"end":{"line":149,"column":105}}},"10":{"name":"(anonymous_10)","line":153,"loc":{"start":{"line":153,"column":83},"end":{"line":153,"column":95}}},"11":{"name":"(anonymous_11)","line":157,"loc":{"start":{"line":157,"column":81},"end":{"line":157,"column":93}}},"12":{"name":"(anonymous_12)","line":161,"loc":{"start":{"line":161,"column":83},"end":{"line":161,"column":95}}},"13":{"name":"beforeDestroy","line":168,"loc":{"start":{"line":168,"column":17},"end":{"line":168,"column":42}}}},"statementMap":{"1":{"start":{"line":3,"column":0},"end":{"line":5,"column":3}},"2":{"start":{"line":7,"column":0},"end":{"line":7,"column":97}},"3":{"start":{"line":7,"column":39},"end":{"line":7,"column":95}},"4":{"start":{"line":9,"column":0},"end":{"line":9,"column":64}},"5":{"start":{"line":11,"column":0},"end":{"line":11,"column":75}},"6":{"start":{"line":13,"column":0},"end":{"line":13,"column":64}},"7":{"start":{"line":15,"column":0},"end":{"line":15,"column":75}},"8":{"start":{"line":17,"column":0},"end":{"line":179,"column":2}},"9":{"start":{"line":42,"column":4},"end":{"line":48,"column":6}},"10":{"start":{"line":53,"column":6},"end":{"line":53,"column":29}},"11":{"start":{"line":60,"column":6},"end":{"line":60,"column":20}},"12":{"start":{"line":61,"column":6},"end":{"line":61,"column":36}},"13":{"start":{"line":62,"column":6},"end":{"line":67,"column":7}},"14":{"start":{"line":63,"column":8},"end":{"line":65,"column":11}},"15":{"start":{"line":64,"column":10},"end":{"line":64,"column":24}},"16":{"start":{"line":66,"column":8},"end":{"line":66,"column":15}},"17":{"start":{"line":68,"column":6},"end":{"line":68,"column":47}},"18":{"start":{"line":69,"column":6},"end":{"line":69,"column":50}},"19":{"start":{"line":70,"column":6},"end":{"line":70,"column":100}},"20":{"start":{"line":71,"column":6},"end":{"line":71,"column":96}},"21":{"start":{"line":72,"column":6},"end":{"line":72,"column":49}},"22":{"start":{"line":73,"column":6},"end":{"line":73,"column":50}},"23":{"start":{"line":74,"column":6},"end":{"line":125,"column":7}},"24":{"start":{"line":76,"column":10},"end":{"line":76,"column":83}},"25":{"start":{"line":77,"column":10},"end":{"line":77,"column":53}},"26":{"start":{"line":78,"column":10},"end":{"line":78,"column":16}},"27":{"start":{"line":80,"column":10},"end":{"line":80,"column":101}},"28":{"start":{"line":81,"column":10},"end":{"line":81,"column":53}},"29":{"start":{"line":82,"column":10},"end":{"line":82,"column":16}},"30":{"start":{"line":84,"column":10},"end":{"line":84,"column":101}},"31":{"start":{"line":85,"column":10},"end":{"line":85,"column":53}},"32":{"start":{"line":86,"column":10},"end":{"line":86,"column":16}},"33":{"start":{"line":88,"column":10},"end":{"line":88,"column":54}},"34":{"start":{"line":89,"column":10},"end":{"line":89,"column":83}},"35":{"start":{"line":90,"column":10},"end":{"line":90,"column":16}},"36":{"start":{"line":92,"column":10},"end":{"line":92,"column":54}},"37":{"start":{"line":93,"column":10},"end":{"line":93,"column":102}},"38":{"start":{"line":94,"column":10},"end":{"line":94,"column":16}},"39":{"start":{"line":96,"column":10},"end":{"line":96,"column":54}},"40":{"start":{"line":97,"column":10},"end":{"line":97,"column":128}},"41":{"start":{"line":98,"column":10},"end":{"line":98,"column":16}},"42":{"start":{"line":100,"column":10},"end":{"line":100,"column":61}},"43":{"start":{"line":101,"column":10},"end":{"line":101,"column":83}},"44":{"start":{"line":102,"column":10},"end":{"line":102,"column":16}},"45":{"start":{"line":104,"column":10},"end":{"line":104,"column":61}},"46":{"start":{"line":105,"column":10},"end":{"line":105,"column":102}},"47":{"start":{"line":106,"column":10},"end":{"line":106,"column":16}},"48":{"start":{"line":108,"column":10},"end":{"line":108,"column":61}},"49":{"start":{"line":109,"column":10},"end":{"line":109,"column":135}},"50":{"start":{"line":110,"column":10},"end":{"line":110,"column":16}},"51":{"start":{"line":112,"column":10},"end":{"line":112,"column":83}},"52":{"start":{"line":113,"column":10},"end":{"line":113,"column":60}},"53":{"start":{"line":114,"column":10},"end":{"line":114,"column":16}},"54":{"start":{"line":116,"column":10},"end":{"line":116,"column":101}},"55":{"start":{"line":117,"column":10},"end":{"line":117,"column":60}},"56":{"start":{"line":118,"column":10},"end":{"line":118,"column":16}},"57":{"start":{"line":120,"column":10},"end":{"line":120,"column":101}},"58":{"start":{"line":121,"column":10},"end":{"line":121,"column":60}},"59":{"start":{"line":122,"column":10},"end":{"line":122,"column":16}},"60":{"start":{"line":124,"column":10},"end":{"line":124,"column":46}},"61":{"start":{"line":126,"column":6},"end":{"line":126,"column":51}},"62":{"start":{"line":127,"column":6},"end":{"line":127,"column":53}},"63":{"start":{"line":131,"column":4},"end":{"line":133,"column":5}},"64":{"start":{"line":132,"column":6},"end":{"line":132,"column":51}},"65":{"start":{"line":136,"column":4},"end":{"line":136,"column":21}},"66":{"start":{"line":138,"column":4},"end":{"line":138,"column":121}},"67":{"start":{"line":138,"column":28},"end":{"line":138,"column":121}},"68":{"start":{"line":140,"column":4},"end":{"line":140,"column":18}},"69":{"start":{"line":141,"column":4},"end":{"line":141,"column":36}},"70":{"start":{"line":142,"column":4},"end":{"line":142,"column":47}},"71":{"start":{"line":144,"column":4},"end":{"line":165,"column":5}},"72":{"start":{"line":145,"column":6},"end":{"line":148,"column":9}},"73":{"start":{"line":146,"column":8},"end":{"line":146,"column":23}},"74":{"start":{"line":147,"column":8},"end":{"line":147,"column":22}},"75":{"start":{"line":149,"column":6},"end":{"line":151,"column":9}},"76":{"start":{"line":150,"column":8},"end":{"line":150,"column":34}},"77":{"start":{"line":152,"column":11},"end":{"line":165,"column":5}},"78":{"start":{"line":153,"column":6},"end":{"line":156,"column":9}},"79":{"start":{"line":154,"column":8},"end":{"line":154,"column":23}},"80":{"start":{"line":155,"column":8},"end":{"line":155,"column":22}},"81":{"start":{"line":157,"column":6},"end":{"line":159,"column":9}},"82":{"start":{"line":158,"column":8},"end":{"line":158,"column":34}},"83":{"start":{"line":161,"column":6},"end":{"line":164,"column":9}},"84":{"start":{"line":162,"column":8},"end":{"line":162,"column":27}},"85":{"start":{"line":163,"column":8},"end":{"line":163,"column":22}},"86":{"start":{"line":169,"column":4},"end":{"line":172,"column":5}},"87":{"start":{"line":170,"column":6},"end":{"line":170,"column":31}},"88":{"start":{"line":171,"column":6},"end":{"line":171,"column":32}},"89":{"start":{"line":173,"column":4},"end":{"line":176,"column":5}},"90":{"start":{"line":174,"column":6},"end":{"line":174,"column":37}},"91":{"start":{"line":175,"column":6},"end":{"line":175,"column":37}},"92":{"start":{"line":177,"column":4},"end":{"line":177,"column":52}},"93":{"start":{"line":177,"column":26},"end":{"line":177,"column":52}},"94":{"start":{"line":181,"column":0},"end":{"line":181,"column":34}},"95":{"start":{"line":182,"column":0},"end":{"line":182,"column":36}}},"branchMap":{"1":{"line":7,"type":"cond-expr","locations":[{"start":{"line":7,"column":70},"end":{"line":7,"column":73}},{"start":{"line":7,"column":76},"end":{"line":7,"column":94}}]},"2":{"line":7,"type":"binary-expr","locations":[{"start":{"line":7,"column":46},"end":{"line":7,"column":49}},{"start":{"line":7,"column":53},"end":{"line":7,"column":67}}]},"3":{"line":62,"type":"if","locations":[{"start":{"line":62,"column":6},"end":{"line":62,"column":6}},{"start":{"line":62,"column":6},"end":{"line":62,"column":6}}]},"4":{"line":62,"type":"binary-expr","locations":[{"start":{"line":62,"column":10},"end":{"line":62,"column":17}},{"start":{"line":62,"column":21},"end":{"line":62,"column":45}}]},"5":{"line":74,"type":"switch","locations":[{"start":{"line":75,"column":8},"end":{"line":78,"column":16}},{"start":{"line":79,"column":8},"end":{"line":82,"column":16}},{"start":{"line":83,"column":8},"end":{"line":86,"column":16}},{"start":{"line":87,"column":8},"end":{"line":90,"column":16}},{"start":{"line":91,"column":8},"end":{"line":94,"column":16}},{"start":{"line":95,"column":8},"end":{"line":98,"column":16}},{"start":{"line":99,"column":8},"end":{"line":102,"column":16}},{"start":{"line":103,"column":8},"end":{"line":106,"column":16}},{"start":{"line":107,"column":8},"end":{"line":110,"column":16}},{"start":{"line":111,"column":8},"end":{"line":114,"column":16}},{"start":{"line":115,"column":8},"end":{"line":118,"column":16}},{"start":{"line":119,"column":8},"end":{"line":122,"column":16}},{"start":{"line":123,"column":8},"end":{"line":124,"column":46}}]},"6":{"line":131,"type":"if","locations":[{"start":{"line":131,"column":4},"end":{"line":131,"column":4}},{"start":{"line":131,"column":4},"end":{"line":131,"column":4}}]},"7":{"line":138,"type":"if","locations":[{"start":{"line":138,"column":4},"end":{"line":138,"column":4}},{"start":{"line":138,"column":4},"end":{"line":138,"column":4}}]},"8":{"line":144,"type":"if","locations":[{"start":{"line":144,"column":4},"end":{"line":144,"column":4}},{"start":{"line":144,"column":4},"end":{"line":144,"column":4}}]},"9":{"line":152,"type":"if","locations":[{"start":{"line":152,"column":11},"end":{"line":152,"column":11}},{"start":{"line":152,"column":11},"end":{"line":152,"column":11}}]},"10":{"line":169,"type":"if","locations":[{"start":{"line":169,"column":4},"end":{"line":169,"column":4}},{"start":{"line":169,"column":4},"end":{"line":169,"column":4}}]},"11":{"line":173,"type":"if","locations":[{"start":{"line":173,"column":4},"end":{"line":173,"column":4}},{"start":{"line":173,"column":4},"end":{"line":173,"column":4}}]},"12":{"line":177,"type":"if","locations":[{"start":{"line":177,"column":4},"end":{"line":177,"column":4}},{"start":{"line":177,"column":4},"end":{"line":177,"column":4}}]}},"code":["'use strict';","","Object.defineProperty(exports, '__esModule', {","  value: true","});","","function _interopRequireDefault(obj) { return obj && obj.__esModule ? obj : { 'default': obj }; }","","var _utilsEventListenerJs = require('./utils/EventListener.js');","","var _utilsEventListenerJs2 = _interopRequireDefault(_utilsEventListenerJs);","","var _utilsCoerceBooleanJs = require('./utils/coerceBoolean.js');","","var _utilsCoerceBooleanJs2 = _interopRequireDefault(_utilsCoerceBooleanJs);","","var PopoverMixin = {","  props: {","    trigger: {","      type: String,","      'default': 'click'","    },","    effect: {","      type: String,","      'default': 'zoom'","    },","    title: {","      type: String","    },","    content: [String, Number],","    header: {","      type: Boolean,","      coerce: _utilsCoerceBooleanJs2['default'],","      'default': true","    },","    placement: {","      type: String","    }","  },","","  data: function data() {","    return {","      position: {","        top: 0,","        left: 0","      },","      show: false","    };","  },","","  methods: {","    toggle: function toggle() {","      this.show = !this.show;","    },","","    /**","     * 设置tooltip坐标","       */","    resetPos: function resetPos() {","      var me = this;","      var popover = me.$els.popover;","      if (me.show && popover.offsetWidth == 0) {","        setTimeout(function () {","          me.resetPos();","        });","        return;","      }","      var triger = me.$els.trigger.children[0];","      var offset = triger.getBoundingClientRect();","      var offsetLeft = document.documentElement.scrollLeft + document.body.scrollLeft + offset.left;","      var offsetTop = document.documentElement.scrollTop + document.body.scrollTop + offset.top;","      var offsetWidth = popover.offsetWidth + 10;","      var offsetHeight = popover.offsetHeight + 5; // 减去5像素的padding","      switch (me.placement) {","        case 'top':","          me.position.left = offsetLeft - offsetWidth / 2 + triger.offsetWidth / 2;","          me.position.top = offsetTop - offsetHeight;","          break;","        case 'topLeft':","          me.position.left = offsetLeft - offsetWidth / 2 + triger.offsetWidth / 2 + offsetWidth / 4;","          me.position.top = offsetTop - offsetHeight;","          break;","        case 'topRight':","          me.position.left = offsetLeft - offsetWidth / 2 + triger.offsetWidth / 2 - offsetWidth / 4;","          me.position.top = offsetTop - offsetHeight;","          break;","        case 'left':","          me.position.left = offsetLeft - offsetWidth;","          me.position.top = offsetTop + triger.offsetHeight / 2 - offsetHeight / 2;","          break;","        case 'leftTop':","          me.position.left = offsetLeft - offsetWidth;","          me.position.top = offsetTop + triger.offsetHeight / 4 - offsetHeight / 2 + offsetHeight / 4;","          break;","        case 'leftBottom':","          me.position.left = offsetLeft - offsetWidth;","          me.position.top = offsetTop + triger.offsetHeight / 2 - offsetHeight / 2 - offsetHeight / 4 + triger.offsetHeight / 4;","          break;","        case 'right':","          me.position.left = offsetLeft + triger.offsetWidth;","          me.position.top = offsetTop + triger.offsetHeight / 2 - offsetHeight / 2;","          break;","        case 'rightTop':","          me.position.left = offsetLeft + triger.offsetWidth;","          me.position.top = offsetTop + triger.offsetHeight / 4 - offsetHeight / 2 + offsetHeight / 4;","          break;","        case 'rightBottom':","          me.position.left = offsetLeft + triger.offsetWidth;","          me.position.top = triger.offsetTop + triger.offsetHeight / 2 - offsetHeight / 2 - offsetHeight / 4 + triger.offsetHeight / 4;","          break;","        case 'bottom':","          me.position.left = offsetLeft - offsetWidth / 2 + triger.offsetWidth / 2;","          me.position.top = offsetTop + triger.offsetHeight;","          break;","        case 'bottomLeft':","          me.position.left = offsetLeft - offsetWidth / 2 + triger.offsetWidth / 2 + offsetWidth / 4;","          me.position.top = offsetTop + triger.offsetHeight;","          break;","        case 'bottomRight':","          me.position.left = offsetLeft - offsetWidth / 2 + triger.offsetWidth / 2 - offsetWidth / 4;","          me.position.top = offsetTop + triger.offsetHeight;","          break;","        default:","          console.log('Wrong placement prop');","      }","      popover.style.top = this.position.top + 'px';","      popover.style.left = this.position.left + 'px';","    }","  },","  attached: function attached() {","    if (this.$els.popover) {","      document.body.appendChild(this.$els.popover);","    }","  },","  ready: function ready() {","    var _this = this;","","    if (!this.$els.popover) return console.error(\"Couldn't find popover v-el in your component that uses popoverMixin.\");","","    var me = this;","    var popover = this.$els.popover;","    var triger = this.$els.trigger.children[0];","","    if (this.trigger === 'hover') {","      this._mouseenterEvent = _utilsEventListenerJs2['default'].listen(triger, 'mouseenter', function () {","        me.show = true;","        me.resetPos();","      });","      this._mouseleaveEvent = _utilsEventListenerJs2['default'].listen(triger, 'mouseleave', function () {","        return _this.show = false;","      });","    } else if (this.trigger === 'focus') {","      this._focusEvent = _utilsEventListenerJs2['default'].listen(triger, 'focus', function () {","        me.show = true;","        me.resetPos();","      });","      this._blurEvent = _utilsEventListenerJs2['default'].listen(triger, 'blur', function () {","        return _this.show = false;","      });","    } else {","      this._clickEvent = _utilsEventListenerJs2['default'].listen(triger, 'click', function () {","        me.show = !me.show;","        me.resetPos();","      });","    }","  },","","  beforeDestroy: function beforeDestroy() {","    if (this._blurEvent) {","      this._blurEvent.remove();","      this._focusEvent.remove();","    }","    if (this._mouseenterEvent) {","      this._mouseenterEvent.remove();","      this._mouseleaveEvent.remove();","    }","    if (this._clickEvent) this._clickEvent.remove();","  }","};","","exports['default'] = PopoverMixin;","module.exports = exports['default'];"],"l":{"3":2,"7":4,"9":2,"11":2,"13":2,"15":2,"17":2,"42":2,"53":0,"60":0,"61":0,"62":0,"63":0,"64":0,"66":0,"68":0,"69":0,"70":0,"71":0,"72":0,"73":0,"74":0,"76":0,"77":0,"78":0,"80":0,"81":0,"82":0,"84":0,"85":0,"86":0,"88":0,"89":0,"90":0,"92":0,"93":0,"94":0,"96":0,"97":0,"98":0,"100":0,"101":0,"102":0,"104":0,"105":0,"106":0,"108":0,"109":0,"110":0,"112":0,"113":0,"114":0,"116":0,"117":0,"118":0,"120":0,"121":0,"122":0,"124":0,"126":0,"127":0,"131":1,"132":1,"136":1,"138":1,"140":1,"141":1,"142":1,"144":1,"145":1,"146":0,"147":0,"149":1,"150":0,"152":0,"153":0,"154":0,"155":0,"157":0,"158":0,"161":0,"162":0,"163":0,"169":0,"170":0,"171":0,"173":0,"174":0,"175":0,"177":0,"181":2,"182":2}},
"/Users/chenchaoqun/GitLab/aliqin/vue-component/src/components/Switch/index.js":{"path":"/Users/chenchaoqun/GitLab/aliqin/vue-component/src/components/Switch/index.js","s":{"1":1,"2":1,"3":1,"4":1,"5":1,"6":1,"7":1},"b":{"1":[0,1],"2":[1,1]},"f":{"1":1},"fnMap":{"1":{"name":"_interopRequireDefault","line":7,"loc":{"start":{"line":7,"column":0},"end":{"line":7,"column":37}}}},"statementMap":{"1":{"start":{"line":3,"column":0},"end":{"line":5,"column":3}},"2":{"start":{"line":7,"column":0},"end":{"line":7,"column":97}},"3":{"start":{"line":7,"column":39},"end":{"line":7,"column":95}},"4":{"start":{"line":9,"column":0},"end":{"line":9,"column":41}},"5":{"start":{"line":11,"column":0},"end":{"line":11,"column":53}},"6":{"start":{"line":13,"column":0},"end":{"line":13,"column":44}},"7":{"start":{"line":14,"column":0},"end":{"line":14,"column":36}}},"branchMap":{"1":{"line":7,"type":"cond-expr","locations":[{"start":{"line":7,"column":70},"end":{"line":7,"column":73}},{"start":{"line":7,"column":76},"end":{"line":7,"column":94}}]},"2":{"line":7,"type":"binary-expr","locations":[{"start":{"line":7,"column":46},"end":{"line":7,"column":49}},{"start":{"line":7,"column":53},"end":{"line":7,"column":67}}]}},"code":["'use strict';","","Object.defineProperty(exports, '__esModule', {","  value: true","});","","function _interopRequireDefault(obj) { return obj && obj.__esModule ? obj : { 'default': obj }; }","","var _SwitchVue = require('./Switch.vue');","","var _SwitchVue2 = _interopRequireDefault(_SwitchVue);","","exports['default'] = _SwitchVue2['default'];","module.exports = exports['default'];"],"l":{"3":1,"7":1,"9":1,"11":1,"13":1,"14":1}},
"/Users/chenchaoqun/GitLab/aliqin/vue-component/src/components/Select/index.js":{"path":"/Users/chenchaoqun/GitLab/aliqin/vue-component/src/components/Select/index.js","s":{"1":3,"2":1,"3":6,"4":3,"5":3,"6":3,"7":3,"8":3,"9":3,"10":3},"b":{"1":[0,6],"2":[6,6]},"f":{"1":6},"fnMap":{"1":{"name":"_interopRequireDefault","line":7,"loc":{"start":{"line":7,"column":0},"end":{"line":7,"column":37}}}},"statementMap":{"1":{"start":{"line":3,"column":0},"end":{"line":5,"column":3}},"2":{"start":{"line":7,"column":0},"end":{"line":7,"column":97}},"3":{"start":{"line":7,"column":39},"end":{"line":7,"column":95}},"4":{"start":{"line":9,"column":0},"end":{"line":9,"column":41}},"5":{"start":{"line":11,"column":0},"end":{"line":11,"column":53}},"6":{"start":{"line":13,"column":0},"end":{"line":13,"column":41}},"7":{"start":{"line":15,"column":0},"end":{"line":15,"column":53}},"8":{"start":{"line":17,"column":0},"end":{"line":17,"column":55}},"9":{"start":{"line":19,"column":0},"end":{"line":19,"column":44}},"10":{"start":{"line":20,"column":0},"end":{"line":20,"column":36}}},"branchMap":{"1":{"line":7,"type":"cond-expr","locations":[{"start":{"line":7,"column":70},"end":{"line":7,"column":73}},{"start":{"line":7,"column":76},"end":{"line":7,"column":94}}]},"2":{"line":7,"type":"binary-expr","locations":[{"start":{"line":7,"column":46},"end":{"line":7,"column":49}},{"start":{"line":7,"column":53},"end":{"line":7,"column":67}}]}},"code":["'use strict';","","Object.defineProperty(exports, '__esModule', {","  value: true","});","","function _interopRequireDefault(obj) { return obj && obj.__esModule ? obj : { 'default': obj }; }","","var _SelectVue = require('./Select.vue');","","var _SelectVue2 = _interopRequireDefault(_SelectVue);","","var _OptionVue = require('./Option.vue');","","var _OptionVue2 = _interopRequireDefault(_OptionVue);","","_SelectVue2['default'].Option = _OptionVue2['default'];","","exports['default'] = _SelectVue2['default'];","module.exports = exports['default'];"],"l":{"3":3,"7":6,"9":3,"11":3,"13":3,"15":3,"17":3,"19":3,"20":3}},
"/Users/chenchaoqun/GitLab/aliqin/vue-component/src/components/Tag/index.js":{"path":"/Users/chenchaoqun/GitLab/aliqin/vue-component/src/components/Tag/index.js","s":{"1":3,"2":1,"3":3,"4":3,"5":3,"6":3,"7":3},"b":{"1":[0,3],"2":[3,3]},"f":{"1":3},"fnMap":{"1":{"name":"_interopRequireDefault","line":7,"loc":{"start":{"line":7,"column":0},"end":{"line":7,"column":37}}}},"statementMap":{"1":{"start":{"line":3,"column":0},"end":{"line":5,"column":3}},"2":{"start":{"line":7,"column":0},"end":{"line":7,"column":97}},"3":{"start":{"line":7,"column":39},"end":{"line":7,"column":95}},"4":{"start":{"line":9,"column":0},"end":{"line":9,"column":35}},"5":{"start":{"line":11,"column":0},"end":{"line":11,"column":47}},"6":{"start":{"line":13,"column":0},"end":{"line":13,"column":41}},"7":{"start":{"line":14,"column":0},"end":{"line":14,"column":36}}},"branchMap":{"1":{"line":7,"type":"cond-expr","locations":[{"start":{"line":7,"column":70},"end":{"line":7,"column":73}},{"start":{"line":7,"column":76},"end":{"line":7,"column":94}}]},"2":{"line":7,"type":"binary-expr","locations":[{"start":{"line":7,"column":46},"end":{"line":7,"column":49}},{"start":{"line":7,"column":53},"end":{"line":7,"column":67}}]}},"code":["'use strict';","","Object.defineProperty(exports, '__esModule', {","  value: true","});","","function _interopRequireDefault(obj) { return obj && obj.__esModule ? obj : { 'default': obj }; }","","var _TagVue = require('./Tag.vue');","","var _TagVue2 = _interopRequireDefault(_TagVue);","","exports['default'] = _TagVue2['default'];","module.exports = exports['default'];"],"l":{"3":3,"7":3,"9":3,"11":3,"13":3,"14":3}},
"/Users/chenchaoqun/GitLab/aliqin/vue-component/src/components/TimePicker/index.js":{"path":"/Users/chenchaoqun/GitLab/aliqin/vue-component/src/components/TimePicker/index.js","s":{"1":1,"2":1,"3":1,"4":1,"5":1,"6":1,"7":1},"b":{"1":[0,1],"2":[1,1]},"f":{"1":1},"fnMap":{"1":{"name":"_interopRequireDefault","line":7,"loc":{"start":{"line":7,"column":0},"end":{"line":7,"column":37}}}},"statementMap":{"1":{"start":{"line":3,"column":0},"end":{"line":5,"column":3}},"2":{"start":{"line":7,"column":0},"end":{"line":7,"column":97}},"3":{"start":{"line":7,"column":39},"end":{"line":7,"column":95}},"4":{"start":{"line":9,"column":0},"end":{"line":9,"column":49}},"5":{"start":{"line":11,"column":0},"end":{"line":11,"column":61}},"6":{"start":{"line":13,"column":0},"end":{"line":13,"column":48}},"7":{"start":{"line":14,"column":0},"end":{"line":14,"column":36}}},"branchMap":{"1":{"line":7,"type":"cond-expr","locations":[{"start":{"line":7,"column":70},"end":{"line":7,"column":73}},{"start":{"line":7,"column":76},"end":{"line":7,"column":94}}]},"2":{"line":7,"type":"binary-expr","locations":[{"start":{"line":7,"column":46},"end":{"line":7,"column":49}},{"start":{"line":7,"column":53},"end":{"line":7,"column":67}}]}},"code":["'use strict';","","Object.defineProperty(exports, '__esModule', {","  value: true","});","","function _interopRequireDefault(obj) { return obj && obj.__esModule ? obj : { 'default': obj }; }","","var _TimePickerVue = require('./TimePicker.vue');","","var _TimePickerVue2 = _interopRequireDefault(_TimePickerVue);","","exports['default'] = _TimePickerVue2['default'];","module.exports = exports['default'];"],"l":{"3":1,"7":1,"9":1,"11":1,"13":1,"14":1}},
"/Users/chenchaoqun/GitLab/aliqin/vue-component/src/components/Modal/index.js":{"path":"/Users/chenchaoqun/GitLab/aliqin/vue-component/src/components/Modal/index.js","s":{"1":2,"2":1,"3":4,"4":2,"5":2,"6":2,"7":2,"8":2,"9":2,"10":8,"11":0,"12":0,"13":0,"14":0,"15":0,"16":0,"17":0,"18":2,"19":2},"b":{"1":[0,4],"2":[4,4],"3":[0,0]},"f":{"1":4,"2":8,"3":0,"4":0},"fnMap":{"1":{"name":"_interopRequireDefault","line":7,"loc":{"start":{"line":7,"column":0},"end":{"line":7,"column":37}}},"2":{"name":"(anonymous_2)","line":34,"loc":{"start":{"line":34,"column":50},"end":{"line":34,"column":66}}},"3":{"name":"(anonymous_3)","line":35,"loc":{"start":{"line":35,"column":32},"end":{"line":35,"column":50}}},"4":{"name":"callback","line":53,"loc":{"start":{"line":53,"column":18},"end":{"line":53,"column":38}}}},"statementMap":{"1":{"start":{"line":3,"column":0},"end":{"line":5,"column":3}},"2":{"start":{"line":7,"column":0},"end":{"line":7,"column":97}},"3":{"start":{"line":7,"column":39},"end":{"line":7,"column":95}},"4":{"start":{"line":9,"column":0},"end":{"line":9,"column":39}},"5":{"start":{"line":11,"column":0},"end":{"line":11,"column":51}},"6":{"start":{"line":13,"column":0},"end":{"line":13,"column":31}},"7":{"start":{"line":15,"column":0},"end":{"line":15,"column":43}},"8":{"start":{"line":17,"column":0},"end":{"line":34,"column":2}},"9":{"start":{"line":34,"column":2},"end":{"line":61,"column":3}},"10":{"start":{"line":35,"column":2},"end":{"line":60,"column":4}},"11":{"start":{"line":36,"column":4},"end":{"line":36,"column":29}},"12":{"start":{"line":37,"column":4},"end":{"line":37,"column":33}},"13":{"start":{"line":38,"column":4},"end":{"line":38,"column":27}},"14":{"start":{"line":39,"column":4},"end":{"line":59,"column":34}},"15":{"start":{"line":54,"column":10},"end":{"line":54,"column":25}},"16":{"start":{"line":55,"column":10},"end":{"line":55,"column":28}},"17":{"start":{"line":56,"column":10},"end":{"line":56,"column":30}},"18":{"start":{"line":62,"column":0},"end":{"line":62,"column":43}},"19":{"start":{"line":63,"column":0},"end":{"line":63,"column":36}}},"branchMap":{"1":{"line":7,"type":"cond-expr","locations":[{"start":{"line":7,"column":70},"end":{"line":7,"column":73}},{"start":{"line":7,"column":76},"end":{"line":7,"column":94}}]},"2":{"line":7,"type":"binary-expr","locations":[{"start":{"line":7,"column":46},"end":{"line":7,"column":49}},{"start":{"line":7,"column":53},"end":{"line":7,"column":67}}]},"3":{"line":54,"type":"binary-expr","locations":[{"start":{"line":54,"column":10},"end":{"line":54,"column":14}},{"start":{"line":54,"column":18},"end":{"line":54,"column":24}}]}},"code":["'use strict';","","Object.defineProperty(exports, '__esModule', {","  value: true","});","","function _interopRequireDefault(obj) { return obj && obj.__esModule ? obj : { 'default': obj }; }","","var _ModalVue = require('./Modal.vue');","","var _ModalVue2 = _interopRequireDefault(_ModalVue);","","var _Icon = require('../Icon');","","var _Icon2 = _interopRequireDefault(_Icon);","","var iconConfig = {","  'info': {","    icon: 'info',","    color: '#30b2f2'","  },","  'success': {","    icon: 'success',","    color: '#1dbf38'","  },","  'error': {","    icon: 'error',","    color: '#ff5959'","  },","  'confirm': {","    icon: 'help',","    color: '#b366ff'","  }","};['info', 'success', 'error', 'confirm'].forEach(function (type) {","  _ModalVue2['default'][type] = function (parmas) {","    var title = parmas.title;","    var content = parmas.content;","    var onOk = parmas.onOk;","    new Vue({","      template: '\\n      <modal class=\"atui-modal\" :show=\"show\" small backdrop=\"false\" :callback=\"callback\">\\n        <div v-if=\"title\" slot=\"modal-header\"></div>\\n        <div slot=\"modal-body\" class=\"modal-body\">\\n          <icon :type=\"type\" size=\"24\" :color=\"color\"></icon>{{title}}<br/>{{content}}\\n        </div>\\n        <div v-if=\"type!==\\'help\\'\" slot=\"modal-footer\" class=\"modal-footer\">\\n          <button type=\"button\" class=\"btn btn-default\" @click=\"this.show=false\">知道了</button>\\n        </div>\\n      </modal>',","      components: {","        Modal: _ModalVue2['default'],","        Icon: _Icon2['default']","      },","      data: {","        title: title,","        content: content,","        type: iconConfig[type].icon,","        color: iconConfig[type].color,","        show: true","      },","      methods: {","        callback: function callback() {","          onOk && onOk();","          this.show = false;","          this.$destroy(true);","        }","      }","    }).$mount().$appendTo('body');","  };","});","exports['default'] = _ModalVue2['default'];","module.exports = exports['default'];"],"l":{"3":2,"7":4,"9":2,"11":2,"13":2,"15":2,"17":2,"34":2,"35":8,"36":0,"37":0,"38":0,"39":0,"54":0,"55":0,"56":0,"62":2,"63":2}},
[...]
"/Users/chenchaoqun/GitLab/aliqin/vue-component/src/components/Carousel/index.js":{"path":"/Users/chenchaoqun/GitLab/aliqin/vue-component/src/components/Carousel/index.js","s":{"1":1,"2":1,"3":2,"4":1,"5":1,"6":1,"7":1,"8":1,"9":1,"10":1},"b":{"1":[0,2],"2":[2,2]},"f":{"1":2},"fnMap":{"1":{"name":"_interopRequireDefault","line":7,"loc":{"start":{"line":7,"column":0},"end":{"line":7,"column":37}}}},"statementMap":{"1":{"start":{"line":3,"column":0},"end":{"line":5,"column":3}},"2":{"start":{"line":7,"column":0},"end":{"line":7,"column":97}},"3":{"start":{"line":7,"column":39},"end":{"line":7,"column":95}},"4":{"start":{"line":9,"column":0},"end":{"line":9,"column":45}},"5":{"start":{"line":11,"column":0},"end":{"line":11,"column":57}},"6":{"start":{"line":13,"column":0},"end":{"line":13,"column":39}},"7":{"start":{"line":15,"column":0},"end":{"line":15,"column":51}},"8":{"start":{"line":17,"column":0},"end":{"line":17,"column":55}},"9":{"start":{"line":19,"column":0},"end":{"line":19,"column":46}},"10":{"start":{"line":20,"column":0},"end":{"line":20,"column":36}}},"branchMap":{"1":{"line":7,"type":"cond-expr","locations":[{"start":{"line":7,"column":70},"end":{"line":7,"column":73}},{"start":{"line":7,"column":76},"end":{"line":7,"column":94}}]},"2":{"line":7,"type":"binary-expr","locations":[{"start":{"line":7,"column":46},"end":{"line":7,"column":49}},{"start":{"line":7,"column":53},"end":{"line":7,"column":67}}]}},"code":["'use strict';","","Object.defineProperty(exports, '__esModule', {","  value: true","});","","function _interopRequireDefault(obj) { return obj && obj.__esModule ? obj : { 'default': obj }; }","","var _CarouselVue = require('./Carousel.vue');","","var _CarouselVue2 = _interopRequireDefault(_CarouselVue);","","var _SlideVue = require('./Slide.vue');","","var _SlideVue2 = _interopRequireDefault(_SlideVue);","","_CarouselVue2['default'].Slide = _SlideVue2['default'];","","exports['default'] = _CarouselVue2['default'];","module.exports = exports['default'];"],"l":{"3":1,"7":2,"9":1,"11":1,"13":1,"15":1,"17":1,"19":1,"20":1}},
"/Users/chenchaoqun/GitLab/aliqin/vue-component/src/components/Textarea/index.js":{"path":"/Users/chenchaoqun/GitLab/aliqin/vue-component/src/components/Textarea/index.js","s":{"1":1,"2":1,"3":1,"4":1,"5":1,"6":1,"7":1},"b":{"1":[0,1],"2":[1,1]},"f":{"1":1},"fnMap":{"1":{"name":"_interopRequireDefault","line":7,"loc":{"start":{"line":7,"column":0},"end":{"line":7,"column":37}}}},"statementMap":{"1":{"start":{"line":3,"column":0},"end":{"line":5,"column":3}},"2":{"start":{"line":7,"column":0},"end":{"line":7,"column":97}},"3":{"start":{"line":7,"column":39},"end":{"line":7,"column":95}},"4":{"start":{"line":9,"column":0},"end":{"line":9,"column":45}},"5":{"start":{"line":11,"column":0},"end":{"line":11,"column":57}},"6":{"start":{"line":13,"column":0},"end":{"line":13,"column":46}},"7":{"start":{"line":14,"column":0},"end":{"line":14,"column":36}}},"branchMap":{"1":{"line":7,"type":"cond-expr","locations":[{"start":{"line":7,"column":70},"end":{"line":7,"column":73}},{"start":{"line":7,"column":76},"end":{"line":7,"column":94}}]},"2":{"line":7,"type":"binary-expr","locations":[{"start":{"line":7,"column":46},"end":{"line":7,"column":49}},{"start":{"line":7,"column":53},"end":{"line":7,"column":67}}]}},"code":["'use strict';","","Object.defineProperty(exports, '__esModule', {","  value: true","});","","function _interopRequireDefault(obj) { return obj && obj.__esModule ? obj : { 'default': obj }; }","","var _TextareaVue = require('./Textarea.vue');","","var _TextareaVue2 = _interopRequireDefault(_TextareaVue);","","exports['default'] = _TextareaVue2['default'];","module.exports = exports['default'];"],"l":{"3":1,"7":1,"9":1,"11":1,"13":1,"14":1}},
"/Users/chenchaoqun/GitLab/aliqin/vue-component/src/components/Accordion/index.js":{"path":"/Users/chenchaoqun/GitLab/aliqin/vue-component/src/components/Accordion/index.js","s":{"1":1,"2":1,"3":2,"4":1,"5":1,"6":1,"7":1,"8":1,"9":1,"10":1},"b":{"1":[0,2],"2":[2,2]},"f":{"1":2},"fnMap":{"1":{"name":"_interopRequireDefault","line":7,"loc":{"start":{"line":7,"column":0},"end":{"line":7,"column":37}}}},"statementMap":{"1":{"start":{"line":3,"column":0},"end":{"line":5,"column":3}},"2":{"start":{"line":7,"column":0},"end":{"line":7,"column":97}},"3":{"start":{"line":7,"column":39},"end":{"line":7,"column":95}},"4":{"start":{"line":9,"column":0},"end":{"line":9,"column":47}},"5":{"start":{"line":11,"column":0},"end":{"line":11,"column":59}},"6":{"start":{"line":13,"column":0},"end":{"line":13,"column":39}},"7":{"start":{"line":15,"column":0},"end":{"line":15,"column":51}},"8":{"start":{"line":17,"column":0},"end":{"line":17,"column":56}},"9":{"start":{"line":19,"column":0},"end":{"line":19,"column":47}},"10":{"start":{"line":20,"column":0},"end":{"line":20,"column":36}}},"branchMap":{"1":{"line":7,"type":"cond-expr","locations":[{"start":{"line":7,"column":70},"end":{"line":7,"column":73}},{"start":{"line":7,"column":76},"end":{"line":7,"column":94}}]},"2":{"line":7,"type":"binary-expr","locations":[{"start":{"line":7,"column":46},"end":{"line":7,"column":49}},{"start":{"line":7,"column":53},"end":{"line":7,"column":67}}]}},"code":["'use strict';","","Object.defineProperty(exports, '__esModule', {","  value: true","});","","function _interopRequireDefault(obj) { return obj && obj.__esModule ? obj : { 'default': obj }; }","","var _AccordionVue = require('./Accordion.vue');","","var _AccordionVue2 = _interopRequireDefault(_AccordionVue);","","var _PanelVue = require('./Panel.vue');","","var _PanelVue2 = _interopRequireDefault(_PanelVue);","","_AccordionVue2['default'].Panel = _PanelVue2['default'];","","exports['default'] = _AccordionVue2['default'];","module.exports = exports['default'];"],"l":{"3":1,"7":2,"9":1,"11":1,"13":1,"15":1,"17":1,"19":1,"20":1}},
"/Users/chenchaoqun/GitLab/aliqin/vue-component/src/components/Popover/index.js":{"path":"/Users/chenchaoqun/GitLab/aliqin/vue-component/src/components/Popover/index.js","s":{"1":1,"2":1,"3":1,"4":1,"5":1,"6":1,"7":1},"b":{"1":[0,1],"2":[1,1]},"f":{"1":1},"fnMap":{"1":{"name":"_interopRequireDefault","line":7,"loc":{"start":{"line":7,"column":0},"end":{"line":7,"column":37}}}},"statementMap":{"1":{"start":{"line":3,"column":0},"end":{"line":5,"column":3}},"2":{"start":{"line":7,"column":0},"end":{"line":7,"column":97}},"3":{"start":{"line":7,"column":39},"end":{"line":7,"column":95}},"4":{"start":{"line":9,"column":0},"end":{"line":9,"column":43}},"5":{"start":{"line":11,"column":0},"end":{"line":11,"column":55}},"6":{"start":{"line":13,"column":0},"end":{"line":13,"column":45}},"7":{"start":{"line":14,"column":0},"end":{"line":14,"column":36}}},"branchMap":{"1":{"line":7,"type":"cond-expr","locations":[{"start":{"line":7,"column":70},"end":{"line":7,"column":73}},{"start":{"line":7,"column":76},"end":{"line":7,"column":94}}]},"2":{"line":7,"type":"binary-expr","locations":[{"start":{"line":7,"column":46},"end":{"line":7,"column":49}},{"start":{"line":7,"column":53},"end":{"line":7,"column":67}}]}},"code":["'use strict';","","Object.defineProperty(exports, '__esModule', {","  value: true","});","","function _interopRequireDefault(obj) { return obj && obj.__esModule ? obj : { 'default': obj }; }","","var _PopoverVue = require('./Popover.vue');","","var _PopoverVue2 = _interopRequireDefault(_PopoverVue);","","exports['default'] = _PopoverVue2['default'];","module.exports = exports['default'];"],"l":{"3":1,"7":1,"9":1,"11":1,"13":1,"14":1}},
"/Users/chenchaoqun/GitLab/aliqin/vue-component/src/components/Tabs/index.js":{"path":"/Users/chenchaoqun/GitLab/aliqin/vue-component/src/components/Tabs/index.js","s":{"1":2,"2":1,"3":4,"4":2,"5":2,"6":2,"7":2,"8":2,"9":2,"10":2},"b":{"1":[0,4],"2":[4,4]},"f":{"1":4},"fnMap":{"1":{"name":"_interopRequireDefault","line":7,"loc":{"start":{"line":7,"column":0},"end":{"line":7,"column":37}}}},"statementMap":{"1":{"start":{"line":3,"column":0},"end":{"line":5,"column":3}},"2":{"start":{"line":7,"column":0},"end":{"line":7,"column":97}},"3":{"start":{"line":7,"column":39},"end":{"line":7,"column":95}},"4":{"start":{"line":9,"column":0},"end":{"line":9,"column":41}},"5":{"start":{"line":11,"column":0},"end":{"line":11,"column":53}},"6":{"start":{"line":13,"column":0},"end":{"line":13,"column":35}},"7":{"start":{"line":15,"column":0},"end":{"line":15,"column":47}},"8":{"start":{"line":17,"column":0},"end":{"line":17,"column":49}},"9":{"start":{"line":19,"column":0},"end":{"line":19,"column":44}},"10":{"start":{"line":20,"column":0},"end":{"line":20,"column":36}}},"branchMap":{"1":{"line":7,"type":"cond-expr","locations":[{"start":{"line":7,"column":70},"end":{"line":7,"column":73}},{"start":{"line":7,"column":76},"end":{"line":7,"column":94}}]},"2":{"line":7,"type":"binary-expr","locations":[{"start":{"line":7,"column":46},"end":{"line":7,"column":49}},{"start":{"line":7,"column":53},"end":{"line":7,"column":67}}]}},"code":["'use strict';","","Object.defineProperty(exports, '__esModule', {","  value: true","});","","function _interopRequireDefault(obj) { return obj && obj.__esModule ? obj : { 'default': obj }; }","","var _TabsetVue = require('./Tabset.vue');","","var _TabsetVue2 = _interopRequireDefault(_TabsetVue);","","var _TabVue = require('./Tab.vue');","","var _TabVue2 = _interopRequireDefault(_TabVue);","","_TabsetVue2['default'].Tab = _TabVue2['default'];","","exports['default'] = _TabsetVue2['default'];","module.exports = exports['default'];"],"l":{"3":2,"7":4,"9":2,"11":2,"13":2,"15":2,"17":2,"19":2,"20":2}},
"/Users/chenchaoqun/GitLab/aliqin/vue-component/src/components/Steps/index.js":{"path":"/Users/chenchaoqun/GitLab/aliqin/vue-component/src/components/Steps/index.js","s":{"1":1,"2":1,"3":2,"4":1,"5":1,"6":1,"7":1,"8":1,"9":1,"10":1},"b":{"1":[0,2],"2":[2,2]},"f":{"1":2},"fnMap":{"1":{"name":"_interopRequireDefault","line":7,"loc":{"start":{"line":7,"column":0},"end":{"line":7,"column":37}}}},"statementMap":{"1":{"start":{"line":3,"column":0},"end":{"line":5,"column":3}},"2":{"start":{"line":7,"column":0},"end":{"line":7,"column":97}},"3":{"start":{"line":7,"column":39},"end":{"line":7,"column":95}},"4":{"start":{"line":9,"column":0},"end":{"line":9,"column":39}},"5":{"start":{"line":11,"column":0},"end":{"line":11,"column":51}},"6":{"start":{"line":13,"column":0},"end":{"line":13,"column":37}},"7":{"start":{"line":15,"column":0},"end":{"line":15,"column":49}},"8":{"start":{"line":17,"column":0},"end":{"line":17,"column":50}},"9":{"start":{"line":19,"column":0},"end":{"line":19,"column":43}},"10":{"start":{"line":20,"column":0},"end":{"line":20,"column":36}}},"branchMap":{"1":{"line":7,"type":"cond-expr","locations":[{"start":{"line":7,"column":70},"end":{"line":7,"column":73}},{"start":{"line":7,"column":76},"end":{"line":7,"column":94}}]},"2":{"line":7,"type":"binary-expr","locations":[{"start":{"line":7,"column":46},"end":{"line":7,"column":49}},{"start":{"line":7,"column":53},"end":{"line":7,"column":67}}]}},"code":["'use strict';","","Object.defineProperty(exports, '__esModule', {","  value: true","});","","function _interopRequireDefault(obj) { return obj && obj.__esModule ? obj : { 'default': obj }; }","","var _StepsVue = require('./Steps.vue');","","var _StepsVue2 = _interopRequireDefault(_StepsVue);","","var _StepVue = require('./Step.vue');","","var _StepVue2 = _interopRequireDefault(_StepVue);","","_StepsVue2['default'].Step = _StepVue2['default'];","","exports['default'] = _StepsVue2['default'];","module.exports = exports['default'];"],"l":{"3":1,"7":2,"9":1,"11":1,"13":1,"15":1,"17":1,"19":1,"20":1}},
"/Users/chenchaoqun/GitLab/aliqin/vue-component/src/components/Menu/index.js":{"path":"/Users/chenchaoqun/GitLab/aliqin/vue-component/src/components/Menu/index.js","s":{"1":1,"2":1,"3":3,"4":1,"5":1,"6":1,"7":1,"8":1,"9":1,"10":1,"11":1,"12":1,"13":1},"b":{"1":[0,3],"2":[3,3]},"f":{"1":3},"fnMap":{"1":{"name":"_interopRequireDefault","line":7,"loc":{"start":{"line":7,"column":0},"end":{"line":7,"column":37}}}},"statementMap":{"1":{"start":{"line":3,"column":0},"end":{"line":5,"column":3}},"2":{"start":{"line":7,"column":0},"end":{"line":7,"column":97}},"3":{"start":{"line":7,"column":39},"end":{"line":7,"column":95}},"4":{"start":{"line":9,"column":0},"end":{"line":9,"column":37}},"5":{"start":{"line":11,"column":0},"end":{"line":11,"column":49}},"6":{"start":{"line":13,"column":0},"end":{"line":13,"column":43}},"7":{"start":{"line":15,"column":0},"end":{"line":15,"column":55}},"8":{"start":{"line":17,"column":0},"end":{"line":17,"column":45}},"9":{"start":{"line":21,"column":0},"end":{"line":21,"column":57}},"10":{"start":{"line":23,"column":0},"end":{"line":23,"column":55}},"11":{"start":{"line":24,"column":0},"end":{"line":24,"column":57}},"12":{"start":{"line":27,"column":0},"end":{"line":27,"column":42}},"13":{"start":{"line":28,"column":0},"end":{"line":28,"column":36}}},"branchMap":{"1":{"line":7,"type":"cond-expr","locations":[{"start":{"line":7,"column":70},"end":{"line":7,"column":73}},{"start":{"line":7,"column":76},"end":{"line":7,"column":94}}]},"2":{"line":7,"type":"binary-expr","locations":[{"start":{"line":7,"column":46},"end":{"line":7,"column":49}},{"start":{"line":7,"column":53},"end":{"line":7,"column":67}}]}},"code":["'use strict';","","Object.defineProperty(exports, '__esModule', {","  value: true","});","","function _interopRequireDefault(obj) { return obj && obj.__esModule ? obj : { 'default': obj }; }","","var _MenuVue = require('./Menu.vue');","","var _MenuVue2 = _interopRequireDefault(_MenuVue);","","var _SubMenuVue = require('./SubMenu.vue');","","var _SubMenuVue2 = _interopRequireDefault(_SubMenuVue);","","var _MenuItemVue = require('./MenuItem.vue');","","// import Divider from './Divider.vue'","","var _MenuItemVue2 = _interopRequireDefault(_MenuItemVue);","","_MenuVue2['default'].SubMenu = _SubMenuVue2['default'];","_MenuVue2['default'].MenuItem = _MenuItemVue2['default'];","// Menu.Divider = Divider","","exports['default'] = _MenuVue2['default'];","module.exports = exports['default'];"],"l":{"3":1,"7":3,"9":1,"11":1,"13":1,"15":1,"17":1,"21":1,"23":1,"24":1,"27":1,"28":1}},
"/Users/chenchaoqun/GitLab/aliqin/vue-component/src/components/Breadcrumb/index.js":{"path":"/Users/chenchaoqun/GitLab/aliqin/vue-component/src/components/Breadcrumb/index.js","s":{"1":1,"2":1,"3":2,"4":1,"5":1,"6":1,"7":1,"8":1,"9":1,"10":1},"b":{"1":[0,2],"2":[2,2]},"f":{"1":2},"fnMap":{"1":{"name":"_interopRequireDefault","line":7,"loc":{"start":{"line":7,"column":0},"end":{"line":7,"column":37}}}},"statementMap":{"1":{"start":{"line":3,"column":0},"end":{"line":5,"column":3}},"2":{"start":{"line":7,"column":0},"end":{"line":7,"column":97}},"3":{"start":{"line":7,"column":39},"end":{"line":7,"column":95}},"4":{"start":{"line":9,"column":0},"end":{"line":9,"column":49}},"5":{"start":{"line":11,"column":0},"end":{"line":11,"column":61}},"6":{"start":{"line":13,"column":0},"end":{"line":13,"column":57}},"7":{"start":{"line":15,"column":0},"end":{"line":15,"column":69}},"8":{"start":{"line":17,"column":0},"end":{"line":17,"column":75}},"9":{"start":{"line":19,"column":0},"end":{"line":19,"column":48}},"10":{"start":{"line":20,"column":0},"end":{"line":20,"column":36}}},"branchMap":{"1":{"line":7,"type":"cond-expr","locations":[{"start":{"line":7,"column":70},"end":{"line":7,"column":73}},{"start":{"line":7,"column":76},"end":{"line":7,"column":94}}]},"2":{"line":7,"type":"binary-expr","locations":[{"start":{"line":7,"column":46},"end":{"line":7,"column":49}},{"start":{"line":7,"column":53},"end":{"line":7,"column":67}}]}},"code":["'use strict';","","Object.defineProperty(exports, '__esModule', {","  value: true","});","","function _interopRequireDefault(obj) { return obj && obj.__esModule ? obj : { 'default': obj }; }","","var _BreadcrumbVue = require('./Breadcrumb.vue');","","var _BreadcrumbVue2 = _interopRequireDefault(_BreadcrumbVue);","","var _BreadcrumbItemVue = require('./BreadcrumbItem.vue');","","var _BreadcrumbItemVue2 = _interopRequireDefault(_BreadcrumbItemVue);","","_BreadcrumbVue2['default'].BreadcrumbItem = _BreadcrumbItemVue2['default'];","","exports['default'] = _BreadcrumbVue2['default'];","module.exports = exports['default'];"],"l":{"3":1,"7":2,"9":1,"11":1,"13":1,"15":1,"17":1,"19":1,"20":1}},
"/Users/chenchaoqun/GitLab/aliqin/vue-component/src/components/Pagination/index.js":{"path":"/Users/chenchaoqun/GitLab/aliqin/vue-component/src/components/Pagination/index.js","s":{"1":2,"2":1,"3":4,"4":2,"5":2,"6":2,"7":2,"8":2,"9":2,"10":2},"b":{"1":[0,4],"2":[4,4]},"f":{"1":4},"fnMap":{"1":{"name":"_interopRequireDefault","line":7,"loc":{"start":{"line":7,"column":0},"end":{"line":7,"column":37}}}},"statementMap":{"1":{"start":{"line":3,"column":0},"end":{"line":5,"column":3}},"2":{"start":{"line":7,"column":0},"end":{"line":7,"column":97}},"3":{"start":{"line":7,"column":39},"end":{"line":7,"column":95}},"4":{"start":{"line":9,"column":0},"end":{"line":9,"column":49}},"5":{"start":{"line":11,"column":0},"end":{"line":11,"column":61}},"6":{"start":{"line":13,"column":0},"end":{"line":13,"column":41}},"7":{"start":{"line":15,"column":0},"end":{"line":15,"column":53}},"8":{"start":{"line":17,"column":0},"end":{"line":17,"column":59}},"9":{"start":{"line":19,"column":0},"end":{"line":19,"column":48}},"10":{"start":{"line":20,"column":0},"end":{"line":20,"column":36}}},"branchMap":{"1":{"line":7,"type":"cond-expr","locations":[{"start":{"line":7,"column":70},"end":{"line":7,"column":73}},{"start":{"line":7,"column":76},"end":{"line":7,"column":94}}]},"2":{"line":7,"type":"binary-expr","locations":[{"start":{"line":7,"column":46},"end":{"line":7,"column":49}},{"start":{"line":7,"column":53},"end":{"line":7,"column":67}}]}},"code":["'use strict';","","Object.defineProperty(exports, '__esModule', {","  value: true","});","","function _interopRequireDefault(obj) { return obj && obj.__esModule ? obj : { 'default': obj }; }","","var _PaginationVue = require('./Pagination.vue');","","var _PaginationVue2 = _interopRequireDefault(_PaginationVue);","","var _JumperVue = require('./Jumper.vue');","","var _JumperVue2 = _interopRequireDefault(_JumperVue);","","_PaginationVue2['default'].Jumper = _JumperVue2['default'];","","exports['default'] = _PaginationVue2['default'];","module.exports = exports['default'];"],"l":{"3":2,"7":4,"9":2,"11":2,"13":2,"15":2,"17":2,"19":2,"20":2}}}
