TN:
SF:/Users/chenchaoqun/GitLab/aliqin/vue-component/src/components/Cascader/index.js
FN:7,_interopRequireDefault
FNF:1
FNH:1
FNDA:2,_interopRequireDefault
DA:3,2
DA:7,2
DA:9,2
DA:11,2
DA:13,2
DA:14,2
LF:6
LH:6
BRDA:7,1,0,0
BRDA:7,1,1,2
BRDA:7,2,0,2
BRDA:7,2,1,2
BRF:4
BRH:3
end_of_record
TN:
SF:/Users/chenchaoqun/GitLab/aliqin/vue-component/src/components/utils/EventListener.js
FN:15,listen
FN:19,remove
FN:26,remove
FNF:3
FNH:0
FNDA:0,listen
FNDA:0,remove
FNDA:0,remove
DA:3,9
DA:6,9
DA:16,0
DA:17,0
DA:18,0
DA:20,0
DA:23,0
DA:24,0
DA:25,0
DA:27,0
DA:34,9
DA:35,9
LF:12
LH:4
BRDA:16,1,0,0
BRDA:16,1,1,0
BRDA:23,2,0,0
BRDA:23,2,1,0
BRF:4
BRH:0
end_of_record
TN:
SF:/Users/chenchaoqun/GitLab/aliqin/vue-component/src/components/Input/index.js
FN:7,_interopRequireDefault
FNF:1
FNH:1
FNDA:2,_interopRequireDefault
DA:3,2
DA:7,2
DA:9,2
DA:11,2
DA:13,2
DA:14,2
LF:6
LH:6
BRDA:7,1,0,0
BRDA:7,1,1,2
BRDA:7,2,0,2
BRDA:7,2,1,2
BRF:4
BRH:3
end_of_record
TN:
SF:/Users/chenchaoqun/GitLab/aliqin/vue-component/src/components/DatePicker/index.js
FN:7,_interopRequireDefault
FNF:1
FNH:1
FNDA:4,_interopRequireDefault
DA:3,2
DA:7,4
DA:9,2
DA:11,2
DA:13,2
DA:15,2
DA:17,2
DA:19,2
DA:20,2
LF:9
LH:9
BRDA:7,1,0,0
BRDA:7,1,1,4
BRDA:7,2,0,4
BRDA:7,2,1,4
BRF:4
BRH:3
end_of_record
TN:
SF:/Users/chenchaoqun/GitLab/aliqin/vue-component/src/components/Calendar/index.js
FN:7,_interopRequireDefault
FNF:1
FNH:1
FNDA:2,_interopRequireDefault
DA:3,2
DA:7,2
DA:9,2
DA:11,2
DA:13,2
DA:14,2
LF:6
LH:6
BRDA:7,1,0,0
BRDA:7,1,1,2
BRDA:7,2,0,2
BRDA:7,2,1,2
BRF:4
BRH:3
end_of_record
TN:
SF:/Users/chenchaoqun/GitLab/aliqin/vue-component/src/components/Icon/index.js
FN:7,_interopRequireDefault
FNF:1
FNH:1
FNDA:9,_interopRequireDefault
DA:3,9
DA:7,9
DA:9,9
DA:11,9
DA:13,9
DA:14,9
LF:6
LH:6
BRDA:7,1,0,0
BRDA:7,1,1,9
BRDA:7,2,0,9
BRDA:7,2,1,9
BRF:4
BRH:3
end_of_record
TN:
SF:/Users/chenchaoqun/GitLab/aliqin/vue-component/src/components/Dropdown/index.js
FN:7,_interopRequireDefault
FNF:1
FNH:1
FNDA:3,_interopRequireDefault
DA:3,3
DA:7,3
DA:9,3
DA:11,3
DA:13,3
DA:14,3
LF:6
LH:6
BRDA:7,1,0,0
BRDA:7,1,1,3
BRDA:7,2,0,3
BRDA:7,2,1,3
BRF:4
BRH:3
end_of_record
TN:
SF:/Users/chenchaoqun/GitLab/aliqin/vue-component/src/components/utils/coerceBoolean.js
FN:9,(anonymous_1)
FNF:1
FNH:1
FNDA:8,(anonymous_1)
DA:5,8
DA:9,8
DA:10,8
DA:13,8
LF:4
LH:4
BRDA:10,1,0,8
BRDA:10,1,1,0
BRDA:10,2,0,0
BRDA:10,2,1,0
BRDA:10,3,0,0
BRDA:10,3,1,0
BRDA:10,4,0,0
BRDA:10,4,1,0
BRDA:10,5,0,0
BRDA:10,5,1,0
BRF:10
BRH:1
end_of_record
TN:
SF:/Users/chenchaoqun/GitLab/aliqin/vue-component/src/index.js
FN:3,_interopRequireDefault
FNF:1
FNH:1
FNDA:33,_interopRequireDefault
DA:3,33
DA:5,1
DA:7,1
DA:9,1
DA:11,1
DA:13,1
DA:15,1
DA:17,1
DA:19,1
DA:21,1
DA:23,1
DA:25,1
DA:27,1
DA:29,1
DA:31,1
DA:33,1
DA:35,1
DA:37,1
DA:39,1
DA:41,1
DA:43,1
DA:45,1
DA:47,1
DA:49,1
DA:51,1
DA:53,1
DA:55,1
DA:57,1
DA:61,1
DA:63,1
DA:67,1
DA:69,1
DA:71,1
DA:73,1
DA:75,1
DA:77,1
DA:79,1
DA:81,1
DA:83,1
DA:85,1
DA:87,1
DA:89,1
DA:91,1
DA:93,1
DA:97,1
DA:99,1
DA:101,1
DA:103,1
DA:105,1
DA:107,1
DA:109,1
DA:111,1
DA:113,1
DA:115,1
DA:121,1
DA:123,1
DA:125,1
DA:127,1
DA:129,1
DA:131,1
DA:133,1
DA:135,1
DA:137,1
DA:139,1
DA:141,1
DA:143,1
DA:145,1
DA:147,1
DA:183,1
LF:69
LH:69
BRDA:3,1,0,0
BRDA:3,1,1,33
BRDA:3,2,0,33
BRDA:3,2,1,33
BRF:4
BRH:3
end_of_record
TN:
SF:/Users/chenchaoqun/GitLab/aliqin/vue-component/src/components/Form/index.js
FN:7,_interopRequireDefault
FNF:1
FNH:1
FNDA:2,_interopRequireDefault
DA:3,1
DA:7,2
DA:9,1
DA:11,1
DA:13,1
DA:15,1
DA:17,1
DA:19,1
DA:20,1
LF:9
LH:9
BRDA:7,1,0,0
BRDA:7,1,1,2
BRDA:7,2,0,2
BRDA:7,2,1,2
BRF:4
BRH:3
end_of_record
TN:
SF:/Users/chenchaoqun/GitLab/aliqin/vue-component/src/components/Layout/index.js
FN:7,_interopRequireDefault
FNF:1
FNH:1
FNDA:2,_interopRequireDefault
DA:3,1
DA:7,2
DA:9,1
DA:11,1
DA:13,1
DA:15,1
DA:17,1
DA:18,1
LF:8
LH:8
BRDA:7,1,0,0
BRDA:7,1,1,2
BRDA:7,2,0,2
BRDA:7,2,1,2
BRF:4
BRH:3
end_of_record
TN:
SF:/Users/chenchaoqun/GitLab/aliqin/vue-component/src/components/Button/index.js
FN:7,_interopRequireDefault
FNF:1
FNH:1
FNDA:2,_interopRequireDefault
DA:3,1
DA:7,2
DA:9,1
DA:11,1
DA:13,1
DA:15,1
DA:17,1
DA:19,1
DA:20,1
LF:9
LH:9
BRDA:7,1,0,0
BRDA:7,1,1,2
BRDA:7,2,0,2
BRDA:7,2,1,2
BRF:4
BRH:3
end_of_record
TN:
SF:/Users/chenchaoqun/GitLab/aliqin/vue-component/src/components/Searchbox/index.js
FN:7,_interopRequireDefault
FNF:1
FNH:1
FNDA:2,_interopRequireDefault
DA:3,2
DA:7,2
DA:9,2
DA:11,2
DA:13,2
DA:14,2
LF:6
LH:6
BRDA:7,1,0,0
BRDA:7,1,1,2
BRDA:7,2,0,2
BRDA:7,2,1,2
BRF:4
BRH:3
end_of_record
TN:
SF:/Users/chenchaoqun/GitLab/aliqin/vue-component/src/components/Uploader/index.js
FN:7,_interopRequireDefault
FNF:1
FNH:1
FNDA:1,_interopRequireDefault
DA:3,1
DA:7,1
DA:9,1
DA:11,1
DA:13,1
DA:14,1
LF:6
LH:6
BRDA:7,1,0,0
BRDA:7,1,1,1
BRDA:7,2,0,1
BRDA:7,2,1,1
BRF:4
BRH:3
end_of_record
TN:
SF:/Users/chenchaoqun/GitLab/aliqin/vue-component/src/components/Message/index.js
FN:7,_interopRequireDefault
FN:15,(anonymous_2)
FN:16,(anonymous_3)
FN:32,ready
FN:35,(anonymous_5)
FNF:5
FNH:2
FNDA:2,_interopRequireDefault
FNDA:10,(anonymous_2)
FNDA:0,(anonymous_3)
FNDA:0,ready
FNDA:0,(anonymous_5)
DA:3,2
DA:7,2
DA:9,2
DA:13,2
DA:15,2
DA:16,10
DA:17,0
DA:18,0
DA:19,0
DA:33,0
DA:34,0
DA:35,0
DA:36,0
DA:44,2
DA:45,2
LF:15
LH:8
BRDA:7,1,0,0
BRDA:7,1,1,2
BRDA:7,2,0,2
BRDA:7,2,1,2
BRDA:17,3,0,0
BRDA:17,3,1,0
BRDA:18,4,0,0
BRDA:18,4,1,0
BRDA:34,5,0,0
BRDA:34,5,1,0
BRF:10
BRH:3
end_of_record
TN:
SF:/Users/chenchaoqun/GitLab/aliqin/vue-component/src/components/Slider/index.js
FN:7,_interopRequireDefault
FNF:1
FNH:1
FNDA:1,_interopRequireDefault
DA:3,1
DA:7,1
DA:9,1
DA:11,1
DA:13,1
DA:14,1
LF:6
LH:6
BRDA:7,1,0,0
BRDA:7,1,1,1
BRDA:7,2,0,1
BRDA:7,2,1,1
BRF:4
BRH:3
end_of_record
TN:
SF:/Users/chenchaoqun/GitLab/aliqin/vue-component/src/components/Tooltip/index.js
FN:7,_interopRequireDefault
FNF:1
FNH:1
FNDA:1,_interopRequireDefault
DA:3,1
DA:7,1
DA:9,1
DA:11,1
DA:13,1
DA:14,1
LF:6
LH:6
BRDA:7,1,0,0
BRDA:7,1,1,1
BRDA:7,2,0,1
BRDA:7,2,1,1
BRF:4
BRH:3
end_of_record
TN:
SF:/Users/chenchaoqun/GitLab/aliqin/vue-component/src/components/popoverMixins.js
FN:7,_interopRequireDefault
FN:41,data
FN:52,toggle
FN:64,resetPos
FN:127,(anonymous_5)
FN:149,attached
FN:154,ready
FN:164,(anonymous_8)
FN:168,(anonymous_9)
FN:172,(anonymous_10)
FN:176,(anonymous_11)
FN:186,beforeDestroy
FNF:12
FNH:1
FNDA:2,_interopRequireDefault
FNDA:0,data
FNDA:0,toggle
FNDA:0,resetPos
FNDA:0,(anonymous_5)
FNDA:0,attached
FNDA:0,ready
FNDA:0,(anonymous_8)
FNDA:0,(anonymous_9)
FNDA:0,(anonymous_10)
FNDA:0,(anonymous_11)
FNDA:0,beforeDestroy
DA:3,1
DA:7,2
DA:9,1
DA:11,1
DA:13,1
DA:15,1
DA:17,1
DA:42,0
DA:53,0
DA:55,0
DA:56,0
DA:65,0
DA:67,0
DA:68,0
DA:69,0
DA:70,0
DA:71,0
DA:72,0
DA:74,0
DA:75,0
DA:76,0
DA:78,0
DA:79,0
DA:80,0
DA:82,0
DA:83,0
DA:84,0
DA:86,0
DA:87,0
DA:88,0
DA:90,0
DA:91,0
DA:92,0
DA:94,0
DA:95,0
DA:96,0
DA:98,0
DA:99,0
DA:100,0
DA:102,0
DA:103,0
DA:104,0
DA:106,0
DA:107,0
DA:108,0
DA:110,0
DA:111,0
DA:112,0
DA:114,0
DA:115,0
DA:116,0
DA:118,0
DA:119,0
DA:120,0
DA:122,0
DA:126,0
DA:127,0
DA:128,0
DA:130,0
DA:133,0
DA:134,0
DA:135,0
DA:136,0
DA:138,0
DA:139,0
DA:140,0
DA:150,0
DA:151,0
DA:155,0
DA:157,0
DA:159,0
DA:160,0
DA:161,0
DA:163,0
DA:164,0
DA:165,0
DA:166,0
DA:168,0
DA:169,0
DA:171,0
DA:172,0
DA:173,0
DA:174,0
DA:176,0
DA:177,0
DA:180,0
DA:183,0
DA:187,0
DA:188,0
DA:189,0
DA:191,0
DA:192,0
DA:193,0
DA:195,0
DA:199,1
DA:200,1
LF:96
LH:9
BRDA:7,1,0,0
BRDA:7,1,1,2
BRDA:7,2,0,2
BRDA:7,2,1,2
BRDA:55,3,0,0
BRDA:55,3,1,0
BRDA:72,4,0,0
BRDA:72,4,1,0
BRDA:72,4,2,0
BRDA:72,4,3,0
BRDA:72,4,4,0
BRDA:72,4,5,0
BRDA:72,4,6,0
BRDA:72,4,7,0
BRDA:72,4,8,0
BRDA:72,4,9,0
BRDA:72,4,10,0
BRDA:72,4,11,0
BRDA:72,4,12,0
BRDA:126,5,0,0
BRDA:126,5,1,0
BRDA:126,6,0,0
BRDA:126,6,1,0
BRDA:138,7,0,0
BRDA:138,7,1,0
BRDA:150,8,0,0
BRDA:150,8,1,0
BRDA:157,9,0,0
BRDA:157,9,1,0
BRDA:163,10,0,0
BRDA:163,10,1,0
BRDA:171,11,0,0
BRDA:171,11,1,0
BRDA:187,12,0,0
BRDA:187,12,1,0
BRDA:191,13,0,0
BRDA:191,13,1,0
BRDA:195,14,0,0
BRDA:195,14,1,0
BRF:39
BRH:3
end_of_record
TN:
SF:/Users/chenchaoqun/GitLab/aliqin/vue-component/src/components/Switch/index.js
FN:7,_interopRequireDefault
FNF:1
FNH:1
FNDA:1,_interopRequireDefault
DA:3,1
DA:7,1
DA:9,1
DA:11,1
DA:13,1
DA:14,1
LF:6
LH:6
BRDA:7,1,0,0
BRDA:7,1,1,1
BRDA:7,2,0,1
BRDA:7,2,1,1
BRF:4
BRH:3
end_of_record
TN:
SF:/Users/chenchaoqun/GitLab/aliqin/vue-component/src/components/Select/index.js
FN:7,_interopRequireDefault
FNF:1
FNH:1
FNDA:6,_interopRequireDefault
DA:3,3
DA:7,6
DA:9,3
DA:11,3
DA:13,3
DA:15,3
DA:17,3
DA:19,3
DA:20,3
LF:9
LH:9
BRDA:7,1,0,0
BRDA:7,1,1,6
BRDA:7,2,0,6
BRDA:7,2,1,6
BRF:4
BRH:3
end_of_record
TN:
SF:/Users/chenchaoqun/GitLab/aliqin/vue-component/src/components/Tag/index.js
FN:7,_interopRequireDefault
FNF:1
FNH:1
FNDA:3,_interopRequireDefault
DA:3,3
DA:7,3
DA:9,3
DA:11,3
DA:13,3
DA:14,3
LF:6
LH:6
BRDA:7,1,0,0
BRDA:7,1,1,3
BRDA:7,2,0,3
BRDA:7,2,1,3
BRF:4
BRH:3
end_of_record
TN:
SF:/Users/chenchaoqun/GitLab/aliqin/vue-component/src/components/TimePicker/index.js
FN:7,_interopRequireDefault
FNF:1
FNH:1
FNDA:1,_interopRequireDefault
DA:3,1
DA:7,1
DA:9,1
DA:11,1
DA:13,1
DA:14,1
LF:6
LH:6
BRDA:7,1,0,0
BRDA:7,1,1,1
BRDA:7,2,0,1
BRDA:7,2,1,1
BRF:4
BRH:3
end_of_record
TN:
SF:/Users/chenchaoqun/GitLab/aliqin/vue-component/src/components/utils/callAjax.js
FN:7,(anonymous_1)
FN:9,(anonymous_2)
FNF:2
FNH:0
FNDA:0,(anonymous_1)
FNDA:0,(anonymous_2)
DA:3,1
DA:7,1
DA:8,0
DA:9,0
DA:10,0
DA:11,0
DA:12,0
DA:13,0
DA:17,0
DA:18,0
DA:21,1
LF:11
LH:3
BRDA:10,1,0,0
BRDA:10,1,1,0
BRDA:11,2,0,0
BRDA:11,2,1,0
BRDA:13,3,0,0
BRDA:13,3,1,0
BRF:6
BRH:0
end_of_record
TN:
SF:/Users/chenchaoqun/GitLab/aliqin/vue-component/src/components/Modal/index.js
FN:7,_interopRequireDefault
FN:34,(anonymous_2)
FN:35,(anonymous_3)
FN:60,ready
FN:64,callback
FNF:5
FNH:2
FNDA:4,_interopRequireDefault
FNDA:8,(anonymous_2)
FNDA:0,(anonymous_3)
FNDA:0,ready
FNDA:0,callback
DA:3,2
DA:7,4
DA:9,2
DA:11,2
DA:13,2
DA:15,2
DA:17,2
DA:34,2
DA:35,8
DA:36,0
DA:37,0
DA:38,0
DA:39,0
DA:40,0
DA:41,0
DA:42,0
DA:44,0
DA:45,0
DA:46,0
DA:61,0
DA:65,0
DA:66,0
DA:72,2
DA:73,2
LF:24
LH:11
BRDA:7,1,0,0
BRDA:7,1,1,4
BRDA:7,2,0,4
BRDA:7,2,1,4
BRDA:39,3,0,0
BRDA:39,3,1,0
BRF:6
BRH:3
end_of_record
TN:
SF:/Users/chenchaoqun/GitLab/aliqin/vue-component/src/components/Table/index.js
FN:7,_interopRequireDefault
FNF:1
FNH:1
FNDA:2,_interopRequireDefault
DA:3,2
DA:7,2
DA:9,2
DA:11,2
DA:13,2
DA:14,2
LF:6
LH:6
BRDA:7,1,0,0
BRDA:7,1,1,2
BRDA:7,2,0,2
BRDA:7,2,1,2
BRF:4
BRH:3
end_of_record
TN:
SF:/Users/chenchaoqun/GitLab/aliqin/vue-component/src/components/Spin/index.js
FN:7,_interopRequireDefault
FNF:1
FNH:1
FNDA:3,_interopRequireDefault
DA:3,3
DA:7,3
DA:9,3
DA:11,3
DA:13,3
DA:14,3
LF:6
LH:6
BRDA:7,1,0,0
BRDA:7,1,1,3
BRDA:7,2,0,3
BRDA:7,2,1,3
BRF:4
BRH:3
end_of_record
TN:
SF:/Users/chenchaoqun/GitLab/aliqin/vue-component/src/components/utils/cssAnimationSupported.js
FNF:0
FNH:0
DA:3,3
DA:6,3
DA:13,3
DA:14,3
DA:17,3
DA:18,0
DA:19,0
DA:20,0
DA:21,0
DA:22,0
DA:23,0
DA:24,0
DA:29,3
DA:30,3
LF:14
LH:7
BRDA:13,1,0,3
BRDA:13,1,1,0
BRDA:17,2,0,0
BRDA:17,2,1,3
BRDA:19,3,0,0
BRDA:19,3,1,0
BRF:6
BRH:2
end_of_record
TN:
SF:/Users/chenchaoqun/GitLab/aliqin/vue-component/src/components/Badge/index.js
FN:7,_interopRequireDefault
FNF:1
FNH:1
FNDA:1,_interopRequireDefault
DA:3,1
DA:7,1
DA:9,1
DA:11,1
DA:13,1
DA:14,1
LF:6
LH:6
BRDA:7,1,0,0
BRDA:7,1,1,1
BRDA:7,2,0,1
BRDA:7,2,1,1
BRF:4
BRH:3
end_of_record
TN:
SF:/Users/chenchaoqun/GitLab/aliqin/vue-component/src/components/Carousel/index.js
FN:7,_interopRequireDefault
FNF:1
FNH:1
FNDA:2,_interopRequireDefault
DA:3,1
DA:7,2
DA:9,1
DA:11,1
DA:13,1
DA:15,1
DA:17,1
DA:19,1
DA:20,1
LF:9
LH:9
BRDA:7,1,0,0
BRDA:7,1,1,2
BRDA:7,2,0,2
BRDA:7,2,1,2
BRF:4
BRH:3
end_of_record
TN:
SF:/Users/chenchaoqun/GitLab/aliqin/vue-component/src/components/Textarea/index.js
FN:7,_interopRequireDefault
FNF:1
FNH:1
FNDA:1,_interopRequireDefault
DA:3,1
DA:7,1
DA:9,1
DA:11,1
DA:13,1
DA:14,1
LF:6
LH:6
BRDA:7,1,0,0
BRDA:7,1,1,1
BRDA:7,2,0,1
BRDA:7,2,1,1
BRF:4
BRH:3
end_of_record
TN:
SF:/Users/chenchaoqun/GitLab/aliqin/vue-component/src/components/Accordion/index.js
FN:7,_interopRequireDefault
FNF:1
FNH:1
FNDA:2,_interopRequireDefault
DA:3,1
DA:7,2
DA:9,1
DA:11,1
DA:13,1
DA:15,1
DA:17,1
DA:19,1
DA:20,1
LF:9
LH:9
BRDA:7,1,0,0
BRDA:7,1,1,2
BRDA:7,2,0,2
BRDA:7,2,1,2
BRF:4
BRH:3
end_of_record
TN:
SF:/Users/chenchaoqun/GitLab/aliqin/vue-component/src/components/Popover/index.js
FN:7,_interopRequireDefault
FNF:1
FNH:1
FNDA:1,_interopRequireDefault
DA:3,1
DA:7,1
DA:9,1
DA:11,1
DA:13,1
DA:14,1
LF:6
LH:6
BRDA:7,1,0,0
BRDA:7,1,1,1
BRDA:7,2,0,1
BRDA:7,2,1,1
BRF:4
BRH:3
end_of_record
TN:
SF:/Users/chenchaoqun/GitLab/aliqin/vue-component/src/components/Tabs/index.js
FN:7,_interopRequireDefault
FNF:1
FNH:1
FNDA:4,_interopRequireDefault
DA:3,2
DA:7,4
DA:9,2
DA:11,2
DA:13,2
DA:15,2
DA:17,2
DA:19,2
DA:20,2
LF:9
LH:9
BRDA:7,1,0,0
BRDA:7,1,1,4
BRDA:7,2,0,4
BRDA:7,2,1,4
BRF:4
BRH:3
end_of_record
TN:
SF:/Users/chenchaoqun/GitLab/aliqin/vue-component/src/components/Steps/index.js
FN:7,_interopRequireDefault
FNF:1
FNH:1
FNDA:2,_interopRequireDefault
DA:3,1
DA:7,2
DA:9,1
DA:11,1
DA:13,1
DA:15,1
DA:17,1
DA:19,1
DA:20,1
LF:9
LH:9
BRDA:7,1,0,0
BRDA:7,1,1,2
BRDA:7,2,0,2
BRDA:7,2,1,2
BRF:4
BRH:3
end_of_record
TN:
SF:/Users/chenchaoqun/GitLab/aliqin/vue-component/src/components/Menu/index.js
FN:7,_interopRequireDefault
FNF:1
FNH:1
FNDA:3,_interopRequireDefault
DA:3,1
DA:7,3
DA:9,1
DA:11,1
DA:13,1
DA:15,1
DA:17,1
DA:21,1
DA:23,1
DA:24,1
DA:27,1
DA:28,1
LF:12
LH:12
BRDA:7,1,0,0
BRDA:7,1,1,3
BRDA:7,2,0,3
BRDA:7,2,1,3
BRF:4
BRH:3
end_of_record
TN:
SF:/Users/chenchaoqun/GitLab/aliqin/vue-component/src/components/Breadcrumb/index.js
FN:7,_interopRequireDefault
FNF:1
FNH:1
FNDA:2,_interopRequireDefault
DA:3,1
DA:7,2
DA:9,1
DA:11,1
DA:13,1
DA:15,1
DA:17,1
DA:19,1
DA:20,1
LF:9
LH:9
BRDA:7,1,0,0
BRDA:7,1,1,2
BRDA:7,2,0,2
BRDA:7,2,1,2
BRF:4
BRH:3
end_of_record
TN:
SF:/Users/chenchaoqun/GitLab/aliqin/vue-component/src/components/Pagination/index.js
FN:7,_interopRequireDefault
FNF:1
FNH:1
FNDA:4,_interopRequireDefault
DA:3,2
DA:7,4
DA:9,2
DA:11,2
DA:13,2
DA:15,2
DA:17,2
DA:19,2
DA:20,2
LF:9
LH:9
BRDA:7,1,0,0
BRDA:7,1,1,4
BRDA:7,2,0,4
BRDA:7,2,1,4
BRF:4
BRH:3
end_of_record
