TN:
SF:/Users/chenchaoqun/GitLab/aliqin/vue-component/src/components/Cascader/index.js
FN:7,_interopRequireDefault
FNF:1
FNH:1
FNDA:2,_interopRequireDefault
DA:3,2
DA:7,2
DA:9,2
DA:11,2
DA:13,2
DA:14,2
LF:6
LH:6
BRDA:7,1,0,0
BRDA:7,1,1,2
BRDA:7,2,0,2
BRDA:7,2,1,2
BRF:4
BRH:3
end_of_record
TN:
SF:/Users/chenchaoqun/GitLab/aliqin/vue-component/src/components/utils/EventListener.js
FN:15,listen
FN:19,remove
FN:26,remove
FNF:3
FNH:1
FNDA:2,listen
FNDA:0,remove
FNDA:0,remove
DA:3,10
DA:6,10
DA:16,2
DA:17,2
DA:18,2
DA:20,0
DA:23,0
DA:24,0
DA:25,0
DA:27,0
DA:34,10
DA:35,10
LF:12
LH:7
BRDA:16,1,0,2
BRDA:16,1,1,0
BRDA:23,2,0,0
BRDA:23,2,1,0
BRF:4
BRH:1
end_of_record
TN:
SF:/Users/chenchaoqun/GitLab/aliqin/vue-component/src/components/Input/index.js
FN:7,_interopRequireDefault
FNF:1
FNH:1
FNDA:2,_interopRequireDefault
DA:3,2
DA:7,2
DA:9,2
DA:11,2
DA:13,2
DA:14,2
LF:6
LH:6
BRDA:7,1,0,0
BRDA:7,1,1,2
BRDA:7,2,0,2
BRDA:7,2,1,2
BRF:4
BRH:3
end_of_record
TN:
SF:/Users/chenchaoqun/GitLab/aliqin/vue-component/src/components/DatePicker/index.js
FN:7,_interopRequireDefault
FNF:1
FNH:1
FNDA:4,_interopRequireDefault
DA:3,2
DA:7,4
DA:9,2
DA:11,2
DA:13,2
DA:15,2
DA:17,2
DA:19,2
DA:20,2
LF:9
LH:9
BRDA:7,1,0,0
BRDA:7,1,1,4
BRDA:7,2,0,4
BRDA:7,2,1,4
BRF:4
BRH:3
end_of_record
TN:
SF:/Users/chenchaoqun/GitLab/aliqin/vue-component/src/components/Calendar/index.js
FN:7,_interopRequireDefault
FNF:1
FNH:1
FNDA:2,_interopRequireDefault
DA:3,2
DA:7,2
DA:9,2
DA:11,2
DA:13,2
DA:14,2
LF:6
LH:6
BRDA:7,1,0,0
BRDA:7,1,1,2
BRDA:7,2,0,2
BRDA:7,2,1,2
BRF:4
BRH:3
end_of_record
TN:
SF:/Users/chenchaoqun/GitLab/aliqin/vue-component/src/components/Icon/index.js
FN:7,_interopRequireDefault
FNF:1
FNH:1
FNDA:9,_interopRequireDefault
DA:3,9
DA:7,9
DA:9,9
DA:11,9
DA:13,9
DA:14,9
LF:6
LH:6
BRDA:7,1,0,0
BRDA:7,1,1,9
BRDA:7,2,0,9
BRDA:7,2,1,9
BRF:4
BRH:3
end_of_record
TN:
SF:/Users/chenchaoqun/GitLab/aliqin/vue-component/src/components/Dropdown/index.js
FN:7,_interopRequireDefault
FNF:1
FNH:1
FNDA:3,_interopRequireDefault
DA:3,3
DA:7,3
DA:9,3
DA:11,3
DA:13,3
DA:14,3
LF:6
LH:6
BRDA:7,1,0,0
BRDA:7,1,1,3
BRDA:7,2,0,3
BRDA:7,2,1,3
BRF:4
BRH:3
end_of_record
TN:
SF:/Users/chenchaoqun/GitLab/aliqin/vue-component/src/components/utils/coerceBoolean.js
FN:9,(anonymous_1)
FNF:1
FNH:1
FNDA:9,(anonymous_1)
DA:5,9
DA:9,9
DA:10,9
DA:13,9
LF:4
LH:4
BRDA:10,1,0,9
BRDA:10,1,1,0
BRDA:10,2,0,0
BRDA:10,2,1,0
BRDA:10,3,0,0
BRDA:10,3,1,0
BRDA:10,4,0,0
BRDA:10,4,1,0
BRDA:10,5,0,0
BRDA:10,5,1,0
BRF:10
BRH:1
end_of_record
TN:
SF:/Users/chenchaoqun/GitLab/aliqin/vue-component/src/index.js
FN:3,_interopRequireDefault
FN:185,getIEVersion
FN:197,(anonymous_3)
FNF:3
FNH:3
FNDA:33,_interopRequireDefault
FNDA:1,getIEVersion
FNDA:1,(anonymous_3)
DA:3,33
DA:5,1
DA:7,1
DA:9,1
DA:11,1
DA:13,1
DA:15,1
DA:17,1
DA:19,1
DA:21,1
DA:23,1
DA:25,1
DA:27,1
DA:29,1
DA:31,1
DA:33,1
DA:35,1
DA:37,1
DA:39,1
DA:41,1
DA:43,1
DA:45,1
DA:47,1
DA:49,1
DA:51,1
DA:53,1
DA:55,1
DA:57,1
DA:61,1
DA:63,1
DA:67,1
DA:69,1
DA:71,1
DA:73,1
DA:75,1
DA:77,1
DA:79,1
DA:81,1
DA:83,1
DA:85,1
DA:87,1
DA:89,1
DA:91,1
DA:93,1
DA:97,1
DA:99,1
DA:101,1
DA:103,1
DA:105,1
DA:107,1
DA:109,1
DA:111,1
DA:113,1
DA:115,1
DA:121,1
DA:123,1
DA:125,1
DA:127,1
DA:129,1
DA:131,1
DA:133,1
DA:135,1
DA:137,1
DA:139,1
DA:141,1
DA:143,1
DA:145,1
DA:147,1
DA:183,1
DA:185,1
DA:186,1
DA:187,1
DA:188,1
DA:189,1
DA:190,0
DA:192,1
DA:195,1
DA:197,1
DA:198,1
DA:199,0
DA:200,0
LF:81
LH:78
BRDA:3,1,0,0
BRDA:3,1,1,33
BRDA:3,2,0,33
BRDA:3,2,1,33
BRDA:189,3,0,0
BRDA:189,3,1,1
BRDA:198,4,0,0
BRDA:198,4,1,1
BRDA:198,5,0,1
BRDA:198,5,1,1
BRF:10
BRH:7
end_of_record
TN:
SF:/Users/chenchaoqun/GitLab/aliqin/vue-component/src/components/Form/index.js
FN:7,_interopRequireDefault
FNF:1
FNH:1
FNDA:2,_interopRequireDefault
DA:3,1
DA:7,2
DA:9,1
DA:11,1
DA:13,1
DA:15,1
DA:17,1
DA:19,1
DA:20,1
LF:9
LH:9
BRDA:7,1,0,0
BRDA:7,1,1,2
BRDA:7,2,0,2
BRDA:7,2,1,2
BRF:4
BRH:3
end_of_record
TN:
SF:/Users/chenchaoqun/GitLab/aliqin/vue-component/src/components/Layout/index.js
FN:7,_interopRequireDefault
FNF:1
FNH:1
FNDA:2,_interopRequireDefault
DA:3,1
DA:7,2
DA:9,1
DA:11,1
DA:13,1
DA:15,1
DA:17,1
DA:18,1
LF:8
LH:8
BRDA:7,1,0,0
BRDA:7,1,1,2
BRDA:7,2,0,2
BRDA:7,2,1,2
BRF:4
BRH:3
end_of_record
TN:
SF:/Users/chenchaoqun/GitLab/aliqin/vue-component/src/components/Button/index.js
FN:7,_interopRequireDefault
FNF:1
FNH:1
FNDA:2,_interopRequireDefault
DA:3,1
DA:7,2
DA:9,1
DA:11,1
DA:13,1
DA:15,1
DA:17,1
DA:19,1
DA:20,1
LF:9
LH:9
BRDA:7,1,0,0
BRDA:7,1,1,2
BRDA:7,2,0,2
BRDA:7,2,1,2
BRF:4
BRH:3
end_of_record
TN:
SF:/Users/chenchaoqun/GitLab/aliqin/vue-component/src/components/Searchbox/index.js
FN:7,_interopRequireDefault
FNF:1
FNH:1
FNDA:2,_interopRequireDefault
DA:3,2
DA:7,2
DA:9,2
DA:11,2
DA:13,2
DA:14,2
LF:6
LH:6
BRDA:7,1,0,0
BRDA:7,1,1,2
BRDA:7,2,0,2
BRDA:7,2,1,2
BRF:4
BRH:3
end_of_record
TN:
SF:/Users/chenchaoqun/GitLab/aliqin/vue-component/src/components/Uploader/index.js
FN:7,_interopRequireDefault
FNF:1
FNH:1
FNDA:1,_interopRequireDefault
DA:3,1
DA:7,1
DA:9,1
DA:11,1
DA:13,1
DA:14,1
LF:6
LH:6
BRDA:7,1,0,0
BRDA:7,1,1,1
BRDA:7,2,0,1
BRDA:7,2,1,1
BRF:4
BRH:3
end_of_record
TN:
SF:/Users/chenchaoqun/GitLab/aliqin/vue-component/src/components/Message/index.js
FN:7,_interopRequireDefault
FN:17,(anonymous_2)
FN:18,(anonymous_3)
FN:34,ready
FN:37,(anonymous_5)
FNF:5
FNH:2
FNDA:4,_interopRequireDefault
FNDA:10,(anonymous_2)
FNDA:0,(anonymous_3)
FNDA:0,ready
FNDA:0,(anonymous_5)
DA:3,2
DA:7,4
DA:9,2
DA:11,2
DA:13,2
DA:15,2
DA:17,2
DA:18,10
DA:19,0
DA:20,0
DA:21,0
DA:35,0
DA:36,0
DA:37,0
DA:38,0
DA:46,2
DA:47,2
LF:17
LH:10
BRDA:7,1,0,0
BRDA:7,1,1,4
BRDA:7,2,0,4
BRDA:7,2,1,4
BRDA:19,3,0,0
BRDA:19,3,1,0
BRDA:20,4,0,0
BRDA:20,4,1,0
BRDA:36,5,0,0
BRDA:36,5,1,0
BRF:10
BRH:3
end_of_record
TN:
SF:/Users/chenchaoqun/GitLab/aliqin/vue-component/src/components/Slider/index.js
FN:7,_interopRequireDefault
FNF:1
FNH:1
FNDA:1,_interopRequireDefault
DA:3,1
DA:7,1
DA:9,1
DA:11,1
DA:13,1
DA:14,1
LF:6
LH:6
BRDA:7,1,0,0
BRDA:7,1,1,1
BRDA:7,2,0,1
BRDA:7,2,1,1
BRF:4
BRH:3
end_of_record
TN:
SF:/Users/chenchaoqun/GitLab/aliqin/vue-component/src/components/Tooltip/index.js
FN:7,_interopRequireDefault
FNF:1
FNH:1
FNDA:2,_interopRequireDefault
DA:3,2
DA:7,2
DA:9,2
DA:11,2
DA:13,2
DA:14,2
LF:6
LH:6
BRDA:7,1,0,0
BRDA:7,1,1,2
BRDA:7,2,0,2
BRDA:7,2,1,2
BRF:4
BRH:3
end_of_record
TN:
SF:/Users/chenchaoqun/GitLab/aliqin/vue-component/src/components/popoverMixins.js
FN:7,_interopRequireDefault
FN:41,data
FN:52,toggle
FN:59,resetPos
FN:64,(anonymous_5)
FN:131,attached
FN:136,ready
FN:146,(anonymous_8)
FN:150,(anonymous_9)
FN:154,(anonymous_10)
FN:158,(anonymous_11)
FN:162,(anonymous_12)
FN:169,beforeDestroy
FNF:13
FNH:4
FNDA:4,_interopRequireDefault
FNDA:2,data
FNDA:0,toggle
FNDA:0,resetPos
FNDA:0,(anonymous_5)
FNDA:1,attached
FNDA:1,ready
FNDA:0,(anonymous_8)
FNDA:0,(anonymous_9)
FNDA:0,(anonymous_10)
FNDA:0,(anonymous_11)
FNDA:0,(anonymous_12)
FNDA:0,beforeDestroy
DA:3,2
DA:7,4
DA:9,2
DA:11,2
DA:13,2
DA:15,2
DA:17,2
DA:42,2
DA:53,0
DA:60,0
DA:61,0
DA:62,0
DA:63,0
DA:64,0
DA:65,0
DA:67,0
DA:69,0
DA:70,0
DA:71,0
DA:72,0
DA:73,0
DA:74,0
DA:75,0
DA:77,0
DA:78,0
DA:79,0
DA:81,0
DA:82,0
DA:83,0
DA:85,0
DA:86,0
DA:87,0
DA:89,0
DA:90,0
DA:91,0
DA:93,0
DA:94,0
DA:95,0
DA:97,0
DA:98,0
DA:99,0
DA:101,0
DA:102,0
DA:103,0
DA:105,0
DA:106,0
DA:107,0
DA:109,0
DA:110,0
DA:111,0
DA:113,0
DA:114,0
DA:115,0
DA:117,0
DA:118,0
DA:119,0
DA:121,0
DA:122,0
DA:123,0
DA:125,0
DA:127,0
DA:128,0
DA:132,1
DA:133,1
DA:137,1
DA:139,1
DA:141,1
DA:142,1
DA:143,1
DA:145,1
DA:146,1
DA:147,0
DA:148,0
DA:150,1
DA:151,0
DA:153,0
DA:154,0
DA:155,0
DA:156,0
DA:158,0
DA:159,0
DA:162,0
DA:163,0
DA:164,0
DA:170,0
DA:171,0
DA:172,0
DA:174,0
DA:175,0
DA:176,0
DA:178,0
DA:182,2
DA:183,2
LF:93
LH:20
BRDA:7,1,0,0
BRDA:7,1,1,4
BRDA:7,2,0,4
BRDA:7,2,1,4
BRDA:63,3,0,0
BRDA:63,3,1,0
BRDA:63,4,0,0
BRDA:63,4,1,0
BRDA:75,5,0,0
BRDA:75,5,1,0
BRDA:75,5,2,0
BRDA:75,5,3,0
BRDA:75,5,4,0
BRDA:75,5,5,0
BRDA:75,5,6,0
BRDA:75,5,7,0
BRDA:75,5,8,0
BRDA:75,5,9,0
BRDA:75,5,10,0
BRDA:75,5,11,0
BRDA:75,5,12,0
BRDA:132,6,0,1
BRDA:132,6,1,0
BRDA:139,7,0,0
BRDA:139,7,1,1
BRDA:145,8,0,1
BRDA:145,8,1,0
BRDA:153,9,0,0
BRDA:153,9,1,0
BRDA:170,10,0,0
BRDA:170,10,1,0
BRDA:174,11,0,0
BRDA:174,11,1,0
BRDA:178,12,0,0
BRDA:178,12,1,0
BRF:35
BRH:6
end_of_record
TN:
SF:/Users/chenchaoqun/GitLab/aliqin/vue-component/src/components/Switch/index.js
FN:7,_interopRequireDefault
FNF:1
FNH:1
FNDA:1,_interopRequireDefault
DA:3,1
DA:7,1
DA:9,1
DA:11,1
DA:13,1
DA:14,1
LF:6
LH:6
BRDA:7,1,0,0
BRDA:7,1,1,1
BRDA:7,2,0,1
BRDA:7,2,1,1
BRF:4
BRH:3
end_of_record
TN:
SF:/Users/chenchaoqun/GitLab/aliqin/vue-component/src/components/Select/index.js
FN:7,_interopRequireDefault
FNF:1
FNH:1
FNDA:6,_interopRequireDefault
DA:3,3
DA:7,6
DA:9,3
DA:11,3
DA:13,3
DA:15,3
DA:17,3
DA:19,3
DA:20,3
LF:9
LH:9
BRDA:7,1,0,0
BRDA:7,1,1,6
BRDA:7,2,0,6
BRDA:7,2,1,6
BRF:4
BRH:3
end_of_record
TN:
SF:/Users/chenchaoqun/GitLab/aliqin/vue-component/src/components/Tag/index.js
FN:7,_interopRequireDefault
FNF:1
FNH:1
FNDA:3,_interopRequireDefault
DA:3,3
DA:7,3
DA:9,3
DA:11,3
DA:13,3
DA:14,3
LF:6
LH:6
BRDA:7,1,0,0
BRDA:7,1,1,3
BRDA:7,2,0,3
BRDA:7,2,1,3
BRF:4
BRH:3
end_of_record
TN:
SF:/Users/chenchaoqun/GitLab/aliqin/vue-component/src/components/TimePicker/index.js
FN:7,_interopRequireDefault
FNF:1
FNH:1
FNDA:1,_interopRequireDefault
DA:3,1
DA:7,1
DA:9,1
DA:11,1
DA:13,1
DA:14,1
LF:6
LH:6
BRDA:7,1,0,0
BRDA:7,1,1,1
BRDA:7,2,0,1
BRDA:7,2,1,1
BRF:4
BRH:3
end_of_record
TN:
SF:/Users/chenchaoqun/GitLab/aliqin/vue-component/src/components/utils/callAjax.js
FN:7,(anonymous_1)
FN:9,(anonymous_2)
FNF:2
FNH:0
FNDA:0,(anonymous_1)
FNDA:0,(anonymous_2)
DA:3,1
DA:7,1
DA:8,0
DA:9,0
DA:10,0
DA:11,0
DA:12,0
DA:13,0
DA:17,0
DA:18,0
DA:21,1
LF:11
LH:3
BRDA:10,1,0,0
BRDA:10,1,1,0
BRDA:11,2,0,0
BRDA:11,2,1,0
BRDA:13,3,0,0
BRDA:13,3,1,0
BRF:6
BRH:0
end_of_record
TN:
SF:/Users/chenchaoqun/GitLab/aliqin/vue-component/src/components/Modal/index.js
FN:7,_interopRequireDefault
FN:34,(anonymous_2)
FN:35,(anonymous_3)
FN:60,ready
FN:64,callback
FNF:5
FNH:2
FNDA:4,_interopRequireDefault
FNDA:8,(anonymous_2)
FNDA:0,(anonymous_3)
FNDA:0,ready
FNDA:0,callback
DA:3,2
DA:7,4
DA:9,2
DA:11,2
DA:13,2
DA:15,2
DA:17,2
DA:34,2
DA:35,8
DA:36,0
DA:37,0
DA:38,0
DA:39,0
DA:40,0
DA:41,0
DA:42,0
DA:44,0
DA:45,0
DA:46,0
DA:61,0
DA:65,0
DA:66,0
DA:72,2
DA:73,2
LF:24
LH:11
BRDA:7,1,0,0
BRDA:7,1,1,4
BRDA:7,2,0,4
BRDA:7,2,1,4
BRDA:39,3,0,0
BRDA:39,3,1,0
BRF:6
BRH:3
end_of_record
TN:
SF:/Users/chenchaoqun/GitLab/aliqin/vue-component/src/components/Table/index.js
FN:7,_interopRequireDefault
FNF:1
FNH:1
FNDA:2,_interopRequireDefault
DA:3,2
DA:7,2
DA:9,2
DA:11,2
DA:13,2
DA:14,2
LF:6
LH:6
BRDA:7,1,0,0
BRDA:7,1,1,2
BRDA:7,2,0,2
BRDA:7,2,1,2
BRF:4
BRH:3
end_of_record
TN:
SF:/Users/chenchaoqun/GitLab/aliqin/vue-component/src/components/Spin/index.js
FN:7,_interopRequireDefault
FNF:1
FNH:1
FNDA:3,_interopRequireDefault
DA:3,3
DA:7,3
DA:9,3
DA:11,3
DA:13,3
DA:14,3
LF:6
LH:6
BRDA:7,1,0,0
BRDA:7,1,1,3
BRDA:7,2,0,3
BRDA:7,2,1,3
BRF:4
BRH:3
end_of_record
TN:
SF:/Users/chenchaoqun/GitLab/aliqin/vue-component/src/components/utils/cssAnimationSupported.js
FNF:0
FNH:0
DA:3,3
DA:6,3
DA:13,3
DA:14,0
DA:17,3
DA:18,3
DA:19,3
DA:20,3
DA:21,3
DA:22,3
DA:23,3
DA:24,3
DA:29,3
DA:30,3
LF:14
LH:13
BRDA:13,1,0,0
BRDA:13,1,1,3
BRDA:17,2,0,3
BRDA:17,2,1,0
BRDA:19,3,0,3
BRDA:19,3,1,0
BRF:6
BRH:3
end_of_record
TN:
SF:/Users/chenchaoqun/GitLab/aliqin/vue-component/src/components/Badge/index.js
FN:7,_interopRequireDefault
FNF:1
FNH:1
FNDA:1,_interopRequireDefault
DA:3,1
DA:7,1
DA:9,1
DA:11,1
DA:13,1
DA:14,1
LF:6
LH:6
BRDA:7,1,0,0
BRDA:7,1,1,1
BRDA:7,2,0,1
BRDA:7,2,1,1
BRF:4
BRH:3
end_of_record
TN:
SF:/Users/chenchaoqun/GitLab/aliqin/vue-component/src/components/Carousel/index.js
FN:7,_interopRequireDefault
FNF:1
FNH:1
FNDA:2,_interopRequireDefault
DA:3,1
DA:7,2
DA:9,1
DA:11,1
DA:13,1
DA:15,1
DA:17,1
DA:19,1
DA:20,1
LF:9
LH:9
BRDA:7,1,0,0
BRDA:7,1,1,2
BRDA:7,2,0,2
BRDA:7,2,1,2
BRF:4
BRH:3
end_of_record
TN:
SF:/Users/chenchaoqun/GitLab/aliqin/vue-component/src/components/Textarea/index.js
FN:7,_interopRequireDefault
FNF:1
FNH:1
FNDA:1,_interopRequireDefault
DA:3,1
DA:7,1
DA:9,1
DA:11,1
DA:13,1
DA:14,1
LF:6
LH:6
BRDA:7,1,0,0
BRDA:7,1,1,1
BRDA:7,2,0,1
BRDA:7,2,1,1
BRF:4
BRH:3
end_of_record
TN:
SF:/Users/chenchaoqun/GitLab/aliqin/vue-component/src/components/Accordion/index.js
FN:7,_interopRequireDefault
FNF:1
FNH:1
FNDA:2,_interopRequireDefault
DA:3,1
DA:7,2
DA:9,1
DA:11,1
DA:13,1
DA:15,1
DA:17,1
DA:19,1
DA:20,1
LF:9
LH:9
BRDA:7,1,0,0
BRDA:7,1,1,2
BRDA:7,2,0,2
BRDA:7,2,1,2
BRF:4
BRH:3
end_of_record
TN:
SF:/Users/chenchaoqun/GitLab/aliqin/vue-component/src/components/Popover/index.js
FN:7,_interopRequireDefault
FNF:1
FNH:1
FNDA:1,_interopRequireDefault
DA:3,1
DA:7,1
DA:9,1
DA:11,1
DA:13,1
DA:14,1
LF:6
LH:6
BRDA:7,1,0,0
BRDA:7,1,1,1
BRDA:7,2,0,1
BRDA:7,2,1,1
BRF:4
BRH:3
end_of_record
TN:
SF:/Users/chenchaoqun/GitLab/aliqin/vue-component/src/components/Tabs/index.js
FN:7,_interopRequireDefault
FNF:1
FNH:1
FNDA:4,_interopRequireDefault
DA:3,2
DA:7,4
DA:9,2
DA:11,2
DA:13,2
DA:15,2
DA:17,2
DA:19,2
DA:20,2
LF:9
LH:9
BRDA:7,1,0,0
BRDA:7,1,1,4
BRDA:7,2,0,4
BRDA:7,2,1,4
BRF:4
BRH:3
end_of_record
TN:
SF:/Users/chenchaoqun/GitLab/aliqin/vue-component/src/components/Steps/index.js
FN:7,_interopRequireDefault
FNF:1
FNH:1
FNDA:2,_interopRequireDefault
DA:3,1
DA:7,2
DA:9,1
DA:11,1
DA:13,1
DA:15,1
DA:17,1
DA:19,1
DA:20,1
LF:9
LH:9
BRDA:7,1,0,0
BRDA:7,1,1,2
BRDA:7,2,0,2
BRDA:7,2,1,2
BRF:4
BRH:3
end_of_record
TN:
SF:/Users/chenchaoqun/GitLab/aliqin/vue-component/src/components/Menu/index.js
FN:7,_interopRequireDefault
FNF:1
FNH:1
FNDA:3,_interopRequireDefault
DA:3,1
DA:7,3
DA:9,1
DA:11,1
DA:13,1
DA:15,1
DA:17,1
DA:21,1
DA:23,1
DA:24,1
DA:27,1
DA:28,1
LF:12
LH:12
BRDA:7,1,0,0
BRDA:7,1,1,3
BRDA:7,2,0,3
BRDA:7,2,1,3
BRF:4
BRH:3
end_of_record
TN:
SF:/Users/chenchaoqun/GitLab/aliqin/vue-component/src/components/Breadcrumb/index.js
FN:7,_interopRequireDefault
FNF:1
FNH:1
FNDA:2,_interopRequireDefault
DA:3,1
DA:7,2
DA:9,1
DA:11,1
DA:13,1
DA:15,1
DA:17,1
DA:19,1
DA:20,1
LF:9
LH:9
BRDA:7,1,0,0
BRDA:7,1,1,2
BRDA:7,2,0,2
BRDA:7,2,1,2
BRF:4
BRH:3
end_of_record
TN:
SF:/Users/chenchaoqun/GitLab/aliqin/vue-component/src/components/Pagination/index.js
FN:7,_interopRequireDefault
FNF:1
FNH:1
FNDA:4,_interopRequireDefault
DA:3,2
DA:7,4
DA:9,2
DA:11,2
DA:13,2
DA:15,2
DA:17,2
DA:19,2
DA:20,2
LF:9
LH:9
BRDA:7,1,0,0
BRDA:7,1,1,4
BRDA:7,2,0,4
BRDA:7,2,1,4
BRF:4
BRH:3
end_of_record
